<?xml version="1.0" encoding="UTF-8"?>
<testsuite name="jdriven.course.mongodb.persistence.ReservationRepositoryTest" tests="9" skipped="0" failures="0" errors="0" timestamp="2023-09-24T15:51:29" hostname="sander-XPS-15-7590" time="0.82">
  <properties/>
  <testcase name="queryExample_mostExpensive()" classname="jdriven.course.mongodb.persistence.ReservationRepositoryTest" time="0.525"/>
  <testcase name="pipelineExercise_insuranceClaims()" classname="jdriven.course.mongodb.persistence.ReservationRepositoryTest" time="0.054"/>
  <testcase name="pipelineExercise_incomeGenerated()" classname="jdriven.course.mongodb.persistence.ReservationRepositoryTest" time="0.051"/>
  <testcase name="updateExample_bookerCorrection()" classname="jdriven.course.mongodb.persistence.ReservationRepositoryTest" time="0.025"/>
  <testcase name="queryExercise_pageAndSort()" classname="jdriven.course.mongodb.persistence.ReservationRepositoryTest" time="0.049"/>
  <testcase name="updateExercise_includeNewGuests()" classname="jdriven.course.mongodb.persistence.ReservationRepositoryTest" time="0.015"/>
  <testcase name="queryExercise_damageClaims()" classname="jdriven.course.mongodb.persistence.ReservationRepositoryTest" time="0.027"/>
  <testcase name="pipelineExample_checkinList()" classname="jdriven.course.mongodb.persistence.ReservationRepositoryTest" time="0.021"/>
  <testcase name="updateExercise_anniversaryDiscount()" classname="jdriven.course.mongodb.persistence.ReservationRepositoryTest" time="0.038"/>
  <system-out><![CDATA[17:51:22.755 [Test worker] DEBUG org.testcontainers.utility.TestcontainersConfiguration - Testcontainers configuration overrides will be loaded from file:/home/sander/.testcontainers.properties
17:51:22.762 [Test worker] INFO org.testcontainers.utility.ImageNameSubstitutor - Image name substitution will be performed by: DefaultImageNameSubstitutor (composite of 'ConfigurationFileImageNameSubstitutor' and 'PrefixingImageNameSubstitutor')
17:51:22.851 [Test worker] INFO org.testcontainers.dockerclient.DockerClientProviderStrategy - Loaded org.testcontainers.dockerclient.UnixSocketClientProviderStrategy from ~/.testcontainers.properties, will try it first
17:51:22.852 [Test worker] DEBUG org.testcontainers.dockerclient.DockerClientProviderStrategy - Trying out strategy: UnixSocketClientProviderStrategy
17:51:22.933 [Test worker] DEBUG org.testcontainers.shaded.com.github.dockerjava.core.command.AbstrDockerCmd - Cmd: 
17:51:22.956 [Test worker] DEBUG com.github.dockerjava.zerodep.shaded.org.apache.hc.client5.http.impl.classic.InternalHttpClient - ex-00000001: preparing request execution
17:51:22.958 [Test worker] DEBUG com.github.dockerjava.zerodep.shaded.org.apache.hc.client5.http.protocol.RequestAddCookies - Cookie spec selected: strict
17:51:22.960 [Test worker] DEBUG com.github.dockerjava.zerodep.shaded.org.apache.hc.client5.http.protocol.RequestAuthCache - Auth cache not set in the context
17:51:22.961 [Test worker] DEBUG com.github.dockerjava.zerodep.shaded.org.apache.hc.client5.http.impl.classic.ProtocolExec - ex-00000001: target auth state: UNCHALLENGED
17:51:22.961 [Test worker] DEBUG com.github.dockerjava.zerodep.shaded.org.apache.hc.client5.http.impl.classic.ProtocolExec - ex-00000001: proxy auth state: UNCHALLENGED
17:51:22.961 [Test worker] DEBUG com.github.dockerjava.zerodep.shaded.org.apache.hc.client5.http.impl.classic.ConnectExec - ex-00000001: acquiring connection with route {}->unix://localhost:2375
17:51:22.961 [Test worker] DEBUG com.github.dockerjava.zerodep.shaded.org.apache.hc.client5.http.impl.classic.InternalHttpClient - ex-00000001: acquiring endpoint (3 MINUTES)
17:51:22.962 [Test worker] DEBUG com.github.dockerjava.zerodep.shaded.org.apache.hc.client5.http.impl.io.PoolingHttpClientConnectionManager - ex-00000001: endpoint lease request (3 MINUTES) [route: {}->unix://localhost:2375][total available: 0; route allocated: 0 of 2147483647; total allocated: 0 of 2147483647]
17:51:22.964 [Test worker] DEBUG com.github.dockerjava.zerodep.shaded.org.apache.hc.client5.http.impl.io.PoolingHttpClientConnectionManager - ex-00000001: endpoint leased [route: {}->unix://localhost:2375][total available: 0; route allocated: 1 of 2147483647; total allocated: 1 of 2147483647]
17:51:22.968 [Test worker] DEBUG com.github.dockerjava.zerodep.shaded.org.apache.hc.client5.http.impl.io.PoolingHttpClientConnectionManager - ex-00000001: acquired ep-00000000
17:51:22.968 [Test worker] DEBUG com.github.dockerjava.zerodep.shaded.org.apache.hc.client5.http.impl.classic.InternalHttpClient - ex-00000001: acquired endpoint ep-00000000
17:51:22.969 [Test worker] DEBUG com.github.dockerjava.zerodep.shaded.org.apache.hc.client5.http.impl.classic.ConnectExec - ex-00000001: opening connection {}->unix://localhost:2375
17:51:22.969 [Test worker] DEBUG com.github.dockerjava.zerodep.shaded.org.apache.hc.client5.http.impl.classic.InternalHttpClient - ep-00000000: connecting endpoint (3 MINUTES)
17:51:22.969 [Test worker] DEBUG com.github.dockerjava.zerodep.shaded.org.apache.hc.client5.http.impl.io.PoolingHttpClientConnectionManager - ep-00000000: connecting endpoint to unix://localhost:2375 (3 MINUTES)
17:51:22.971 [Test worker] DEBUG com.github.dockerjava.zerodep.shaded.org.apache.hc.client5.http.impl.io.DefaultHttpClientConnectionOperator - http-outgoing-0: connecting to localhost/127.0.0.1:2375
17:51:22.972 [Test worker] DEBUG com.github.dockerjava.zerodep.shaded.org.apache.hc.client5.http.impl.io.DefaultHttpClientConnectionOperator - http-outgoing-0: connection established /var/run/docker.sock<->/var/run/docker.sock
17:51:22.972 [Test worker] DEBUG com.github.dockerjava.zerodep.shaded.org.apache.hc.client5.http.impl.io.PoolingHttpClientConnectionManager - ep-00000000: connected http-outgoing-0
17:51:22.973 [Test worker] DEBUG com.github.dockerjava.zerodep.shaded.org.apache.hc.client5.http.impl.classic.InternalHttpClient - ep-00000000: endpoint connected
17:51:22.973 [Test worker] DEBUG com.github.dockerjava.zerodep.shaded.org.apache.hc.client5.http.impl.classic.MainClientExec - ex-00000001: executing GET /v1.32/info HTTP/1.1
17:51:22.974 [Test worker] DEBUG com.github.dockerjava.zerodep.shaded.org.apache.hc.client5.http.impl.classic.InternalHttpClient - ep-00000000: start execution ex-00000001
17:51:22.974 [Test worker] DEBUG com.github.dockerjava.zerodep.shaded.org.apache.hc.client5.http.impl.io.PoolingHttpClientConnectionManager - ep-00000000: executing exchange ex-00000001 over http-outgoing-0
17:51:22.975 [Test worker] DEBUG com.github.dockerjava.zerodep.shaded.org.apache.hc.client5.http.headers - http-outgoing-0 >> GET /v1.32/info HTTP/1.1
17:51:22.975 [Test worker] DEBUG com.github.dockerjava.zerodep.shaded.org.apache.hc.client5.http.headers - http-outgoing-0 >> x-tc-sid: b5fd0144-8073-4626-a388-179a9d1a2a39
17:51:22.975 [Test worker] DEBUG com.github.dockerjava.zerodep.shaded.org.apache.hc.client5.http.headers - http-outgoing-0 >> Accept-Encoding: gzip, x-gzip, deflate
17:51:22.975 [Test worker] DEBUG com.github.dockerjava.zerodep.shaded.org.apache.hc.client5.http.headers - http-outgoing-0 >> Host: localhost:2375
17:51:22.975 [Test worker] DEBUG com.github.dockerjava.zerodep.shaded.org.apache.hc.client5.http.headers - http-outgoing-0 >> Connection: keep-alive
17:51:22.975 [Test worker] DEBUG com.github.dockerjava.zerodep.shaded.org.apache.hc.client5.http.headers - http-outgoing-0 >> User-Agent: Apache-HttpClient/5.0.3 (Java/17.0.6)
17:51:22.975 [Test worker] DEBUG com.github.dockerjava.zerodep.shaded.org.apache.hc.client5.http.wire - http-outgoing-0 >> "GET /v1.32/info HTTP/1.1[\r][\n]"
17:51:22.976 [Test worker] DEBUG com.github.dockerjava.zerodep.shaded.org.apache.hc.client5.http.wire - http-outgoing-0 >> "x-tc-sid: b5fd0144-8073-4626-a388-179a9d1a2a39[\r][\n]"
17:51:22.976 [Test worker] DEBUG com.github.dockerjava.zerodep.shaded.org.apache.hc.client5.http.wire - http-outgoing-0 >> "Accept-Encoding: gzip, x-gzip, deflate[\r][\n]"
17:51:22.976 [Test worker] DEBUG com.github.dockerjava.zerodep.shaded.org.apache.hc.client5.http.wire - http-outgoing-0 >> "Host: localhost:2375[\r][\n]"
17:51:22.976 [Test worker] DEBUG com.github.dockerjava.zerodep.shaded.org.apache.hc.client5.http.wire - http-outgoing-0 >> "Connection: keep-alive[\r][\n]"
17:51:22.976 [Test worker] DEBUG com.github.dockerjava.zerodep.shaded.org.apache.hc.client5.http.wire - http-outgoing-0 >> "User-Agent: Apache-HttpClient/5.0.3 (Java/17.0.6)[\r][\n]"
17:51:22.976 [Test worker] DEBUG com.github.dockerjava.zerodep.shaded.org.apache.hc.client5.http.wire - http-outgoing-0 >> "[\r][\n]"
17:51:22.982 [Test worker] DEBUG com.github.dockerjava.zerodep.shaded.org.apache.hc.client5.http.wire - http-outgoing-0 << "HTTP/1.1 200 OK[\r][\n]"
17:51:22.982 [Test worker] DEBUG com.github.dockerjava.zerodep.shaded.org.apache.hc.client5.http.wire - http-outgoing-0 << "Api-Version: 1.43[\r][\n]"
17:51:22.982 [Test worker] DEBUG com.github.dockerjava.zerodep.shaded.org.apache.hc.client5.http.wire - http-outgoing-0 << "Content-Type: application/json[\r][\n]"
17:51:22.982 [Test worker] DEBUG com.github.dockerjava.zerodep.shaded.org.apache.hc.client5.http.wire - http-outgoing-0 << "Docker-Experimental: false[\r][\n]"
17:51:22.982 [Test worker] DEBUG com.github.dockerjava.zerodep.shaded.org.apache.hc.client5.http.wire - http-outgoing-0 << "Ostype: linux[\r][\n]"
17:51:22.983 [Test worker] DEBUG com.github.dockerjava.zerodep.shaded.org.apache.hc.client5.http.wire - http-outgoing-0 << "Server: Docker/24.0.5 (linux)[\r][\n]"
17:51:22.983 [Test worker] DEBUG com.github.dockerjava.zerodep.shaded.org.apache.hc.client5.http.wire - http-outgoing-0 << "Date: Sun, 24 Sep 2023 15:51:22 GMT[\r][\n]"
17:51:22.983 [Test worker] DEBUG com.github.dockerjava.zerodep.shaded.org.apache.hc.client5.http.wire - http-outgoing-0 << "Transfer-Encoding: chunked[\r][\n]"
17:51:22.983 [Test worker] DEBUG com.github.dockerjava.zerodep.shaded.org.apache.hc.client5.http.wire - http-outgoing-0 << "[\r][\n]"
17:51:22.983 [Test worker] DEBUG com.github.dockerjava.zerodep.shaded.org.apache.hc.client5.http.wire - http-outgoing-0 << "8c3[\r][\n]"
17:51:22.983 [Test worker] DEBUG com.github.dockerjava.zerodep.shaded.org.apache.hc.client5.http.wire - http-outgoing-0 << "{"ID":"ad0e29f4-9e9c-4c9f-a583-fe0a5a6ca002","Containers":10,"ContainersRunning":4,"ContainersPaused":0,"ContainersStopped":6,"Images":151,"Driver":"overlay2","DriverStatus":[["Backing Filesystem","extfs"],["Supports d_type","true"],["Using metacopy","false"],["Native Overlay Diff","true"],["userxattr","false"]],"Plugins":{"Volume":["local"],"Network":["bridge","host","ipvlan","macvlan","null","overlay"],"Authorization":null,"Log":["awslogs","fluentd","gcplogs","gelf","journald","json-file","local","logentries","splunk","syslog"]},"MemoryLimit":true,"SwapLimit":true,"CpuCfsPeriod":true,"CpuCfsQuota":true,"CPUShares":true,"CPUSet":true,"PidsLimit":true,"IPv4Forwarding":true,"BridgeNfIptables":true,"BridgeNfIp6tables":true,"Debug":false,"NFd":54,"OomKillDisable":false,"NGoroutines":67,"SystemTime":"2023-09-24T17:51:22.976982355+02:00","LoggingDriver":"json-file","CgroupDriver":"systemd","CgroupVersion":"2","NEventsListener":0,"KernelVersion":"6.2.0-33-generic","OperatingSystem":"Ubuntu 22.04.3 LTS","OSVersion":"22.04","OSType":"linux","Architecture":"x86_64","IndexServerAddress":"https://index.docker.io/v1/","RegistryConfig":{"AllowNondistributableArtifactsCIDRs":null,"AllowNondistributableArtifactsHostnames":null,"InsecureRegistryCIDRs":["127.0.0.0/8"],"IndexConfigs":{"docker.io":{"Name":"docker.io","Mirrors":[],"Secure":true,"Official":true}},"Mirrors":null},"NCPU":12,"MemTotal":16377962496,"GenericResources":null,"DockerRootDir":"/var/lib/docker","HttpProxy":"","HttpsProxy":"","NoProxy":"","Name":"sander-XPS-15-7590","Labels":[],"ExperimentalBuild":false,"ServerVersion":"24.0.5","Runtimes":{"io.containerd.runc.v2":{"path":"runc"},"runc":{"path":"runc"}},"DefaultRuntime":"runc","Swarm":{"NodeID":"","NodeAddr":"","LocalNodeState":"inactive","ControlAvailable":false,"Error":"","RemoteManagers":null},"LiveRestoreEnabled":false,"Isolation":"","InitBinary":"docker-init","ContainerdCommit":{"ID":"8165feabfdfe38c65b599c4993d227328c231fca","Expected":"8165feabfdfe38c65b599c4993d227328c231fca"},"RuncCommit":{"ID":"v1.1.8-0-g82f18fe","Expected":"v1.1.8-0-g82f18fe"},"InitCommit":{"ID":"de40ad0","Expected":"de40ad0"},"SecurityOptions":["name=apparmor","name=seccomp,profile=builtin","name=cgroupns"],"Warnings":null}[\n]"
17:51:22.984 [Test worker] DEBUG com.github.dockerjava.zerodep.shaded.org.apache.hc.client5.http.wire - http-outgoing-0 << "[\r][\n]"
17:51:22.984 [Test worker] DEBUG com.github.dockerjava.zerodep.shaded.org.apache.hc.client5.http.wire - http-outgoing-0 << "0[\r][\n]"
17:51:22.984 [Test worker] DEBUG com.github.dockerjava.zerodep.shaded.org.apache.hc.client5.http.wire - http-outgoing-0 << "[\r][\n]"
17:51:22.986 [Test worker] DEBUG com.github.dockerjava.zerodep.shaded.org.apache.hc.client5.http.headers - http-outgoing-0 << HTTP/1.1 200 OK
17:51:22.986 [Test worker] DEBUG com.github.dockerjava.zerodep.shaded.org.apache.hc.client5.http.headers - http-outgoing-0 << Api-Version: 1.43
17:51:22.986 [Test worker] DEBUG com.github.dockerjava.zerodep.shaded.org.apache.hc.client5.http.headers - http-outgoing-0 << Content-Type: application/json
17:51:22.986 [Test worker] DEBUG com.github.dockerjava.zerodep.shaded.org.apache.hc.client5.http.headers - http-outgoing-0 << Docker-Experimental: false
17:51:22.986 [Test worker] DEBUG com.github.dockerjava.zerodep.shaded.org.apache.hc.client5.http.headers - http-outgoing-0 << Ostype: linux
17:51:22.986 [Test worker] DEBUG com.github.dockerjava.zerodep.shaded.org.apache.hc.client5.http.headers - http-outgoing-0 << Server: Docker/24.0.5 (linux)
17:51:22.986 [Test worker] DEBUG com.github.dockerjava.zerodep.shaded.org.apache.hc.client5.http.headers - http-outgoing-0 << Date: Sun, 24 Sep 2023 15:51:22 GMT
17:51:22.986 [Test worker] DEBUG com.github.dockerjava.zerodep.shaded.org.apache.hc.client5.http.headers - http-outgoing-0 << Transfer-Encoding: chunked
17:51:22.988 [Test worker] DEBUG com.github.dockerjava.zerodep.shaded.org.apache.hc.client5.http.impl.classic.MainClientExec - ex-00000001: connection can be kept alive for 3 MINUTES
17:51:23.087 [Test worker] DEBUG com.github.dockerjava.zerodep.shaded.org.apache.hc.client5.http.impl.classic.InternalHttpClient - ep-00000000: releasing valid endpoint
17:51:23.087 [Test worker] DEBUG com.github.dockerjava.zerodep.shaded.org.apache.hc.client5.http.impl.io.PoolingHttpClientConnectionManager - ep-00000000: releasing endpoint
17:51:23.087 [Test worker] DEBUG com.github.dockerjava.zerodep.shaded.org.apache.hc.client5.http.impl.io.PoolingHttpClientConnectionManager - ep-00000000: connection http-outgoing-0 can be kept alive for 3 MINUTES
17:51:23.087 [Test worker] DEBUG com.github.dockerjava.zerodep.shaded.org.apache.hc.client5.http.impl.io.PoolingHttpClientConnectionManager - ep-00000000: connection released [route: {}->unix://localhost:2375][total available: 1; route allocated: 1 of 2147483647; total allocated: 1 of 2147483647]
17:51:23.088 [Test worker] INFO org.testcontainers.dockerclient.DockerClientProviderStrategy - Found Docker environment with local Unix socket (unix:///var/run/docker.sock)
17:51:23.088 [Test worker] DEBUG org.testcontainers.dockerclient.DockerClientProviderStrategy - Transport type: 'httpclient5', Docker host: 'unix:///var/run/docker.sock'
17:51:23.088 [Test worker] DEBUG org.testcontainers.dockerclient.DockerClientProviderStrategy - Checking Docker OS type for local Unix socket (unix:///var/run/docker.sock)
17:51:23.090 [Test worker] INFO org.testcontainers.DockerClientFactory - Docker host IP address is localhost
17:51:23.090 [Test worker] DEBUG org.testcontainers.DockerClientFactory - Docker info: {NGoroutines=67, Name=sander-XPS-15-7590, Swarm={NodeID=, NodeAddr=, LocalNodeState=inactive, ControlAvailable=false, Error=, RemoteManagers=null}, RuncCommit={ID=v1.1.8-0-g82f18fe, Expected=v1.1.8-0-g82f18fe}, OSVersion=22.04, Runtimes={io.containerd.runc.v2={path=runc}, runc={path=runc}}, ID=ad0e29f4-9e9c-4c9f-a583-fe0a5a6ca002, DriverStatus=[[Backing Filesystem, extfs], [Supports d_type, true], [Using metacopy, false], [Native Overlay Diff, true], [userxattr, false]], BridgeNfIptables=true, LiveRestoreEnabled=false, SystemTime=2023-09-24T17:51:22.976982355+02:00, NoProxy=, Architecture=x86_64, NEventsListener=0, HttpsProxy=, Images=151, ContainersRunning=4, Labels=[], InitCommit={ID=de40ad0, Expected=de40ad0}, NFd=54, KernelVersion=6.2.0-33-generic, LoggingDriver=json-file, OSType=linux, SecurityOptions=[name=apparmor, name=seccomp,profile=builtin, name=cgroupns], ContainerdCommit={ID=8165feabfdfe38c65b599c4993d227328c231fca, Expected=8165feabfdfe38c65b599c4993d227328c231fca}, GenericResources=null, OperatingSystem=Ubuntu 22.04.3 LTS, RegistryConfig={AllowNondistributableArtifactsCIDRs=null, AllowNondistributableArtifactsHostnames=null, InsecureRegistryCIDRs=[127.0.0.0/8], IndexConfigs={docker.io={Name=docker.io, Mirrors=[], Secure=true, Official=true}}, Mirrors=null}, ServerVersion=24.0.5, OomKillDisable=false, CpuCfsQuota=true, Containers=10, Driver=overlay2, IPv4Forwarding=true, ExperimentalBuild=false, DockerRootDir=/var/lib/docker, CPUSet=true, CpuCfsPeriod=true, DefaultRuntime=runc, CPUShares=true, Debug=false, NCPU=12, Plugins={Volume=[local], Network=[bridge, host, ipvlan, macvlan, null, overlay], Authorization=null, Log=[awslogs, fluentd, gcplogs, gelf, journald, json-file, local, logentries, splunk, syslog]}, SwapLimit=true, CgroupDriver=systemd, ContainersPaused=0, MemTotal=16377962496, IndexServerAddress=https://index.docker.io/v1/, MemoryLimit=true, HttpProxy=, InitBinary=docker-init, CgroupVersion=2, PidsLimit=true, Isolation=, BridgeNfIp6tables=true, Warnings=null, ContainersStopped=6}
17:51:23.091 [Test worker] DEBUG org.testcontainers.shaded.com.github.dockerjava.core.command.AbstrDockerCmd - Cmd: 
17:51:23.092 [Test worker] DEBUG com.github.dockerjava.zerodep.shaded.org.apache.hc.client5.http.impl.classic.InternalHttpClient - ex-00000002: preparing request execution
17:51:23.092 [Test worker] DEBUG com.github.dockerjava.zerodep.shaded.org.apache.hc.client5.http.protocol.RequestAddCookies - Cookie spec selected: strict
17:51:23.092 [Test worker] DEBUG com.github.dockerjava.zerodep.shaded.org.apache.hc.client5.http.protocol.RequestAuthCache - Auth cache not set in the context
17:51:23.093 [Test worker] DEBUG com.github.dockerjava.zerodep.shaded.org.apache.hc.client5.http.impl.classic.ProtocolExec - ex-00000002: target auth state: UNCHALLENGED
17:51:23.093 [Test worker] DEBUG com.github.dockerjava.zerodep.shaded.org.apache.hc.client5.http.impl.classic.ProtocolExec - ex-00000002: proxy auth state: UNCHALLENGED
17:51:23.093 [Test worker] DEBUG com.github.dockerjava.zerodep.shaded.org.apache.hc.client5.http.impl.classic.ConnectExec - ex-00000002: acquiring connection with route {}->unix://localhost:2375
17:51:23.093 [Test worker] DEBUG com.github.dockerjava.zerodep.shaded.org.apache.hc.client5.http.impl.classic.InternalHttpClient - ex-00000002: acquiring endpoint (3 MINUTES)
17:51:23.093 [Test worker] DEBUG com.github.dockerjava.zerodep.shaded.org.apache.hc.client5.http.impl.io.PoolingHttpClientConnectionManager - ex-00000002: endpoint lease request (3 MINUTES) [route: {}->unix://localhost:2375][total available: 1; route allocated: 1 of 2147483647; total allocated: 1 of 2147483647]
17:51:23.093 [Test worker] DEBUG com.github.dockerjava.zerodep.shaded.org.apache.hc.client5.http.impl.io.PoolingHttpClientConnectionManager - ex-00000002: endpoint leased [route: {}->unix://localhost:2375][total available: 0; route allocated: 1 of 2147483647; total allocated: 1 of 2147483647]
17:51:23.093 [Test worker] DEBUG com.github.dockerjava.zerodep.shaded.org.apache.hc.client5.http.impl.io.PoolingHttpClientConnectionManager - ex-00000002: acquired ep-00000001
17:51:23.094 [Test worker] DEBUG com.github.dockerjava.zerodep.shaded.org.apache.hc.client5.http.impl.classic.InternalHttpClient - ex-00000002: acquired endpoint ep-00000001
17:51:23.094 [Test worker] DEBUG com.github.dockerjava.zerodep.shaded.org.apache.hc.client5.http.impl.classic.MainClientExec - ex-00000002: executing GET /v1.32/version HTTP/1.1
17:51:23.094 [Test worker] DEBUG com.github.dockerjava.zerodep.shaded.org.apache.hc.client5.http.impl.classic.InternalHttpClient - ep-00000001: start execution ex-00000002
17:51:23.094 [Test worker] DEBUG com.github.dockerjava.zerodep.shaded.org.apache.hc.client5.http.impl.io.PoolingHttpClientConnectionManager - ep-00000001: executing exchange ex-00000002 over http-outgoing-0
17:51:23.094 [Test worker] DEBUG com.github.dockerjava.zerodep.shaded.org.apache.hc.client5.http.headers - http-outgoing-0 >> GET /v1.32/version HTTP/1.1
17:51:23.095 [Test worker] DEBUG com.github.dockerjava.zerodep.shaded.org.apache.hc.client5.http.headers - http-outgoing-0 >> accept: application/json
17:51:23.096 [Test worker] DEBUG com.github.dockerjava.zerodep.shaded.org.apache.hc.client5.http.headers - http-outgoing-0 >> x-tc-sid: b5fd0144-8073-4626-a388-179a9d1a2a39
17:51:23.096 [Test worker] DEBUG com.github.dockerjava.zerodep.shaded.org.apache.hc.client5.http.headers - http-outgoing-0 >> Accept-Encoding: gzip, x-gzip, deflate
17:51:23.096 [Test worker] DEBUG com.github.dockerjava.zerodep.shaded.org.apache.hc.client5.http.headers - http-outgoing-0 >> Host: localhost:2375
17:51:23.096 [Test worker] DEBUG com.github.dockerjava.zerodep.shaded.org.apache.hc.client5.http.headers - http-outgoing-0 >> Connection: keep-alive
17:51:23.096 [Test worker] DEBUG com.github.dockerjava.zerodep.shaded.org.apache.hc.client5.http.headers - http-outgoing-0 >> User-Agent: Apache-HttpClient/5.0.3 (Java/17.0.6)
17:51:23.097 [Test worker] DEBUG com.github.dockerjava.zerodep.shaded.org.apache.hc.client5.http.wire - http-outgoing-0 >> "GET /v1.32/version HTTP/1.1[\r][\n]"
17:51:23.097 [Test worker] DEBUG com.github.dockerjava.zerodep.shaded.org.apache.hc.client5.http.wire - http-outgoing-0 >> "accept: application/json[\r][\n]"
17:51:23.097 [Test worker] DEBUG com.github.dockerjava.zerodep.shaded.org.apache.hc.client5.http.wire - http-outgoing-0 >> "x-tc-sid: b5fd0144-8073-4626-a388-179a9d1a2a39[\r][\n]"
17:51:23.097 [Test worker] DEBUG com.github.dockerjava.zerodep.shaded.org.apache.hc.client5.http.wire - http-outgoing-0 >> "Accept-Encoding: gzip, x-gzip, deflate[\r][\n]"
17:51:23.097 [Test worker] DEBUG com.github.dockerjava.zerodep.shaded.org.apache.hc.client5.http.wire - http-outgoing-0 >> "Host: localhost:2375[\r][\n]"
17:51:23.097 [Test worker] DEBUG com.github.dockerjava.zerodep.shaded.org.apache.hc.client5.http.wire - http-outgoing-0 >> "Connection: keep-alive[\r][\n]"
17:51:23.097 [Test worker] DEBUG com.github.dockerjava.zerodep.shaded.org.apache.hc.client5.http.wire - http-outgoing-0 >> "User-Agent: Apache-HttpClient/5.0.3 (Java/17.0.6)[\r][\n]"
17:51:23.097 [Test worker] DEBUG com.github.dockerjava.zerodep.shaded.org.apache.hc.client5.http.wire - http-outgoing-0 >> "[\r][\n]"
17:51:23.104 [Test worker] DEBUG com.github.dockerjava.zerodep.shaded.org.apache.hc.client5.http.wire - http-outgoing-0 << "HTTP/1.1 200 OK[\r][\n]"
17:51:23.104 [Test worker] DEBUG com.github.dockerjava.zerodep.shaded.org.apache.hc.client5.http.wire - http-outgoing-0 << "Api-Version: 1.43[\r][\n]"
17:51:23.104 [Test worker] DEBUG com.github.dockerjava.zerodep.shaded.org.apache.hc.client5.http.wire - http-outgoing-0 << "Content-Type: application/json[\r][\n]"
17:51:23.104 [Test worker] DEBUG com.github.dockerjava.zerodep.shaded.org.apache.hc.client5.http.wire - http-outgoing-0 << "Docker-Experimental: false[\r][\n]"
17:51:23.104 [Test worker] DEBUG com.github.dockerjava.zerodep.shaded.org.apache.hc.client5.http.wire - http-outgoing-0 << "Ostype: linux[\r][\n]"
17:51:23.104 [Test worker] DEBUG com.github.dockerjava.zerodep.shaded.org.apache.hc.client5.http.wire - http-outgoing-0 << "Server: Docker/24.0.5 (linux)[\r][\n]"
17:51:23.105 [Test worker] DEBUG com.github.dockerjava.zerodep.shaded.org.apache.hc.client5.http.wire - http-outgoing-0 << "Date: Sun, 24 Sep 2023 15:51:23 GMT[\r][\n]"
17:51:23.105 [Test worker] DEBUG com.github.dockerjava.zerodep.shaded.org.apache.hc.client5.http.wire - http-outgoing-0 << "Content-Length: 820[\r][\n]"
17:51:23.105 [Test worker] DEBUG com.github.dockerjava.zerodep.shaded.org.apache.hc.client5.http.wire - http-outgoing-0 << "[\r][\n]"
17:51:23.105 [Test worker] DEBUG com.github.dockerjava.zerodep.shaded.org.apache.hc.client5.http.wire - http-outgoing-0 << "{"Platform":{"Name":"Docker Engine - Community"},"Components":[{"Name":"Engine","Version":"24.0.5","Details":{"ApiVersion":"1.43","Arch":"amd64","BuildTime":"2023-07-21T20:35:18.000000000+00:00","Experimental":"false","GitCommit":"a61e2b4","GoVersion":"go1.20.6","KernelVersion":"6.2.0-33-generic","MinAPIVersion":"1.12","Os":"linux"}},{"Name":"containerd","Version":"1.6.22","Details":{"GitCommit":"8165feabfdfe38c65b599c4993d227328c231fca"}},{"Name":"runc","Version":"1.1.8","Details":{"GitCommit":"v1.1.8-0-g82f18fe"}},{"Name":"docker-init","Version":"0.19.0","Details":{"GitCommit":"de40ad0"}}],"Version":"24.0.5","ApiVersion":"1.43","MinAPIVersion":"1.12","GitCommit":"a61e2b4","GoVersion":"go1.20.6","Os":"linux","Arch":"amd64","KernelVersion":"6.2.0-33-generic","BuildTime":"2023-07-21T20:35:18.000000000+00:00"}[\n]"
17:51:23.105 [Test worker] DEBUG com.github.dockerjava.zerodep.shaded.org.apache.hc.client5.http.headers - http-outgoing-0 << HTTP/1.1 200 OK
17:51:23.105 [Test worker] DEBUG com.github.dockerjava.zerodep.shaded.org.apache.hc.client5.http.headers - http-outgoing-0 << Api-Version: 1.43
17:51:23.105 [Test worker] DEBUG com.github.dockerjava.zerodep.shaded.org.apache.hc.client5.http.headers - http-outgoing-0 << Content-Type: application/json
17:51:23.105 [Test worker] DEBUG com.github.dockerjava.zerodep.shaded.org.apache.hc.client5.http.headers - http-outgoing-0 << Docker-Experimental: false
17:51:23.105 [Test worker] DEBUG com.github.dockerjava.zerodep.shaded.org.apache.hc.client5.http.headers - http-outgoing-0 << Ostype: linux
17:51:23.106 [Test worker] DEBUG com.github.dockerjava.zerodep.shaded.org.apache.hc.client5.http.headers - http-outgoing-0 << Server: Docker/24.0.5 (linux)
17:51:23.106 [Test worker] DEBUG com.github.dockerjava.zerodep.shaded.org.apache.hc.client5.http.headers - http-outgoing-0 << Date: Sun, 24 Sep 2023 15:51:23 GMT
17:51:23.106 [Test worker] DEBUG com.github.dockerjava.zerodep.shaded.org.apache.hc.client5.http.headers - http-outgoing-0 << Content-Length: 820
17:51:23.106 [Test worker] DEBUG com.github.dockerjava.zerodep.shaded.org.apache.hc.client5.http.impl.classic.MainClientExec - ex-00000002: connection can be kept alive for 3 MINUTES
17:51:23.113 [Test worker] DEBUG com.github.dockerjava.zerodep.shaded.org.apache.hc.client5.http.impl.classic.InternalHttpClient - ep-00000001: releasing valid endpoint
17:51:23.113 [Test worker] DEBUG com.github.dockerjava.zerodep.shaded.org.apache.hc.client5.http.impl.io.PoolingHttpClientConnectionManager - ep-00000001: releasing endpoint
17:51:23.114 [Test worker] DEBUG com.github.dockerjava.zerodep.shaded.org.apache.hc.client5.http.impl.io.PoolingHttpClientConnectionManager - ep-00000001: connection http-outgoing-0 can be kept alive for 3 MINUTES
17:51:23.114 [Test worker] DEBUG com.github.dockerjava.zerodep.shaded.org.apache.hc.client5.http.impl.io.PoolingHttpClientConnectionManager - ep-00000001: connection released [route: {}->unix://localhost:2375][total available: 1; route allocated: 1 of 2147483647; total allocated: 1 of 2147483647]
17:51:23.114 [Test worker] DEBUG org.testcontainers.DockerClientFactory - Docker version: {Components=[{Name=Engine, Version=24.0.5, Details={ApiVersion=1.43, Arch=amd64, BuildTime=2023-07-21T20:35:18.000000000+00:00, Experimental=false, GitCommit=a61e2b4, GoVersion=go1.20.6, KernelVersion=6.2.0-33-generic, MinAPIVersion=1.12, Os=linux}}, {Name=containerd, Version=1.6.22, Details={GitCommit=8165feabfdfe38c65b599c4993d227328c231fca}}, {Name=runc, Version=1.1.8, Details={GitCommit=v1.1.8-0-g82f18fe}}, {Name=docker-init, Version=0.19.0, Details={GitCommit=de40ad0}}], KernelVersion=6.2.0-33-generic, ApiVersion=1.43, Platform={Name=Docker Engine - Community}, GitCommit=a61e2b4, Os=linux, Version=24.0.5, MinAPIVersion=1.12, Arch=amd64, GoVersion=go1.20.6, BuildTime=2023-07-21T20:35:18.000000000+00:00}
17:51:23.114 [Test worker] INFO org.testcontainers.DockerClientFactory - Connected to docker: 
  Server Version: 24.0.5
  API Version: 1.43
  Operating System: Ubuntu 22.04.3 LTS
  Total Memory: 15619 MB
17:51:23.119 [Test worker] DEBUG org.testcontainers.utility.RyukResourceReaper - Ryuk is enabled
17:51:23.120 [Test worker] DEBUG org.testcontainers.utility.PrefixingImageNameSubstitutor - No prefix is configured
17:51:23.121 [Test worker] DEBUG org.testcontainers.utility.ImageNameSubstitutor - Did not find a substitute image for testcontainers/ryuk:0.4.0 (using image substitutor: DefaultImageNameSubstitutor (composite of 'ConfigurationFileImageNameSubstitutor' and 'PrefixingImageNameSubstitutor'))
17:51:23.122 [Test worker] DEBUG org.testcontainers.shaded.com.github.dockerjava.core.command.AbstrDockerCmd - Cmd: ListImagesCmdImpl[filters=org.testcontainers.shaded.com.github.dockerjava.core.util.FiltersBuilder@0,imageNameFilter=<null>,showAll=false]
17:51:23.124 [Test worker] DEBUG com.github.dockerjava.zerodep.shaded.org.apache.hc.client5.http.impl.classic.InternalHttpClient - ex-00000003: preparing request execution
17:51:23.124 [Test worker] DEBUG com.github.dockerjava.zerodep.shaded.org.apache.hc.client5.http.protocol.RequestAddCookies - Cookie spec selected: strict
17:51:23.124 [Test worker] DEBUG com.github.dockerjava.zerodep.shaded.org.apache.hc.client5.http.protocol.RequestAuthCache - Auth cache not set in the context
17:51:23.124 [Test worker] DEBUG com.github.dockerjava.zerodep.shaded.org.apache.hc.client5.http.impl.classic.ProtocolExec - ex-00000003: target auth state: UNCHALLENGED
17:51:23.124 [Test worker] DEBUG com.github.dockerjava.zerodep.shaded.org.apache.hc.client5.http.impl.classic.ProtocolExec - ex-00000003: proxy auth state: UNCHALLENGED
17:51:23.124 [Test worker] DEBUG com.github.dockerjava.zerodep.shaded.org.apache.hc.client5.http.impl.classic.ConnectExec - ex-00000003: acquiring connection with route {}->unix://localhost:2375
17:51:23.124 [Test worker] DEBUG com.github.dockerjava.zerodep.shaded.org.apache.hc.client5.http.impl.classic.InternalHttpClient - ex-00000003: acquiring endpoint (3 MINUTES)
17:51:23.125 [Test worker] DEBUG com.github.dockerjava.zerodep.shaded.org.apache.hc.client5.http.impl.io.PoolingHttpClientConnectionManager - ex-00000003: endpoint lease request (3 MINUTES) [route: {}->unix://localhost:2375][total available: 1; route allocated: 1 of 2147483647; total allocated: 1 of 2147483647]
17:51:23.125 [Test worker] DEBUG com.github.dockerjava.zerodep.shaded.org.apache.hc.client5.http.impl.io.PoolingHttpClientConnectionManager - ex-00000003: endpoint leased [route: {}->unix://localhost:2375][total available: 0; route allocated: 1 of 2147483647; total allocated: 1 of 2147483647]
17:51:23.125 [Test worker] DEBUG com.github.dockerjava.zerodep.shaded.org.apache.hc.client5.http.impl.io.PoolingHttpClientConnectionManager - ex-00000003: acquired ep-00000002
17:51:23.125 [Test worker] DEBUG com.github.dockerjava.zerodep.shaded.org.apache.hc.client5.http.impl.classic.InternalHttpClient - ex-00000003: acquired endpoint ep-00000002
17:51:23.125 [Test worker] DEBUG com.github.dockerjava.zerodep.shaded.org.apache.hc.client5.http.impl.classic.MainClientExec - ex-00000003: executing GET /v1.32/images/json HTTP/1.1
17:51:23.125 [Test worker] DEBUG com.github.dockerjava.zerodep.shaded.org.apache.hc.client5.http.impl.classic.InternalHttpClient - ep-00000002: start execution ex-00000003
17:51:23.125 [Test worker] DEBUG com.github.dockerjava.zerodep.shaded.org.apache.hc.client5.http.impl.io.PoolingHttpClientConnectionManager - ep-00000002: executing exchange ex-00000003 over http-outgoing-0
17:51:23.125 [Test worker] DEBUG com.github.dockerjava.zerodep.shaded.org.apache.hc.client5.http.headers - http-outgoing-0 >> GET /v1.32/images/json HTTP/1.1
17:51:23.125 [Test worker] DEBUG com.github.dockerjava.zerodep.shaded.org.apache.hc.client5.http.headers - http-outgoing-0 >> accept: application/json
17:51:23.125 [Test worker] DEBUG com.github.dockerjava.zerodep.shaded.org.apache.hc.client5.http.headers - http-outgoing-0 >> x-tc-sid: b5fd0144-8073-4626-a388-179a9d1a2a39
17:51:23.126 [Test worker] DEBUG com.github.dockerjava.zerodep.shaded.org.apache.hc.client5.http.headers - http-outgoing-0 >> Accept-Encoding: gzip, x-gzip, deflate
17:51:23.126 [Test worker] DEBUG com.github.dockerjava.zerodep.shaded.org.apache.hc.client5.http.headers - http-outgoing-0 >> Host: localhost:2375
17:51:23.126 [Test worker] DEBUG com.github.dockerjava.zerodep.shaded.org.apache.hc.client5.http.headers - http-outgoing-0 >> Connection: keep-alive
17:51:23.126 [Test worker] DEBUG com.github.dockerjava.zerodep.shaded.org.apache.hc.client5.http.headers - http-outgoing-0 >> User-Agent: Apache-HttpClient/5.0.3 (Java/17.0.6)
17:51:23.126 [Test worker] DEBUG com.github.dockerjava.zerodep.shaded.org.apache.hc.client5.http.wire - http-outgoing-0 >> "GET /v1.32/images/json HTTP/1.1[\r][\n]"
17:51:23.126 [Test worker] DEBUG com.github.dockerjava.zerodep.shaded.org.apache.hc.client5.http.wire - http-outgoing-0 >> "accept: application/json[\r][\n]"
17:51:23.126 [Test worker] DEBUG com.github.dockerjava.zerodep.shaded.org.apache.hc.client5.http.wire - http-outgoing-0 >> "x-tc-sid: b5fd0144-8073-4626-a388-179a9d1a2a39[\r][\n]"
17:51:23.126 [Test worker] DEBUG com.github.dockerjava.zerodep.shaded.org.apache.hc.client5.http.wire - http-outgoing-0 >> "Accept-Encoding: gzip, x-gzip, deflate[\r][\n]"
17:51:23.126 [Test worker] DEBUG com.github.dockerjava.zerodep.shaded.org.apache.hc.client5.http.wire - http-outgoing-0 >> "Host: localhost:2375[\r][\n]"
17:51:23.126 [Test worker] DEBUG com.github.dockerjava.zerodep.shaded.org.apache.hc.client5.http.wire - http-outgoing-0 >> "Connection: keep-alive[\r][\n]"
17:51:23.126 [Test worker] DEBUG com.github.dockerjava.zerodep.shaded.org.apache.hc.client5.http.wire - http-outgoing-0 >> "User-Agent: Apache-HttpClient/5.0.3 (Java/17.0.6)[\r][\n]"
17:51:23.126 [Test worker] DEBUG com.github.dockerjava.zerodep.shaded.org.apache.hc.client5.http.wire - http-outgoing-0 >> "[\r][\n]"
17:51:23.159 [Test worker] DEBUG com.github.dockerjava.zerodep.shaded.org.apache.hc.client5.http.wire - http-outgoing-0 << "HTTP/1.1 200 OK[\r][\n]"
17:51:23.159 [Test worker] DEBUG com.github.dockerjava.zerodep.shaded.org.apache.hc.client5.http.wire - http-outgoing-0 << "Api-Version: 1.43[\r][\n]"
17:51:23.159 [Test worker] DEBUG com.github.dockerjava.zerodep.shaded.org.apache.hc.client5.http.wire - http-outgoing-0 << "Content-Type: application/json[\r][\n]"
17:51:23.159 [Test worker] DEBUG com.github.dockerjava.zerodep.shaded.org.apache.hc.client5.http.wire - http-outgoing-0 << "Docker-Experimental: false[\r][\n]"
17:51:23.159 [Test worker] DEBUG com.github.dockerjava.zerodep.shaded.org.apache.hc.client5.http.wire - http-outgoing-0 << "Ostype: linux[\r][\n]"
17:51:23.159 [Test worker] DEBUG com.github.dockerjava.zerodep.shaded.org.apache.hc.client5.http.wire - http-outgoing-0 << "Server: Docker/24.0.5 (linux)[\r][\n]"
17:51:23.159 [Test worker] DEBUG com.github.dockerjava.zerodep.shaded.org.apache.hc.client5.http.wire - http-outgoing-0 << "Date: Sun, 24 Sep 2023 15:51:23 GMT[\r][\n]"
17:51:23.159 [Test worker] DEBUG com.github.dockerjava.zerodep.shaded.org.apache.hc.client5.http.wire - http-outgoing-0 << "Transfer-Encoding: chunked[\r][\n]"
17:51:23.159 [Test worker] DEBUG com.github.dockerjava.zerodep.shaded.org.apache.hc.client5.http.wire - http-outgoing-0 << "[\r][\n]"
17:51:23.159 [Test worker] DEBUG com.github.dockerjava.zerodep.shaded.org.apache.hc.client5.http.wire - http-outgoing-0 << "e82a[\r][\n]"
17:51:23.160 [Test worker] DEBUG com.github.dockerjava.zerodep.shaded.org.apache.hc.client5.http.wire - http-outgoing-0 << "[{"Containers":-1,"Created":1695197951,"Id":"sha256:f2943a3a9029c7a0f6469c02d50dd10e6ed6e01357a1ed46e2140e0eb5a77526","Labels":{"com.docker.compose.project":"dsm","com.docker.compose.service":"encode","com.docker.compose.version":"2.20.2"},"ParentId":"","RepoDigests":null,"RepoTags":["dsm-encode:latest"],"SharedSize":-1,"Size":398895587,"VirtualSize":398895587},{"Containers":-1,"Created":1695197513,"Id":"sha256:e3be4efd42768c96aec8e2fdb6bc2a15f5c701cf6a33cf57e066f1f5a2f38716","Labels":{"com.docker.compose.project":"dsm","com.docker.compose.service":"encode","com.docker.compose.version":"2.20.2"},"ParentId":"","RepoDigests":["<none>@<none>"],"RepoTags":["<none>:<none>"],"SharedSize":-1,"Size":398894560,"VirtualSize":398894560},{"Containers":-1,"Created":1695197422,"Id":"sha256:7604bf03b8a5392452e3d1b611f9018cdd7e27b0662317f5f9f5f11258664135","Labels":{"com.docker.compose.project":"dsm","com.docker.compose.service":"design-base","com.docker.compose.version":"2.20.2"},"ParentId":"","RepoDigests":null,"RepoTags":["dsm-design-base:latest"],"SharedSize":-1,"Size":114877993,"VirtualSize":114877993},{"Containers":-1,"Created":1695197333,"Id":"sha256:82d730d09266515b1698e5c960fa4cc54bec7b4bb61c81b70d1eb8fb5e13a869","Labels":{"com.docker.compose.project":"dsm","com.docker.compose.service":"sequence-base","com.docker.compose.version":"2.20.2"},"ParentId":"","RepoDigests":null,"RepoTags":["dsm-sequence-base:latest"],"SharedSize":-1,"Size":552274513,"VirtualSize":552274513},{"Containers":-1,"Created":1695196004,"Id":"sha256:30619df1eb82f6cd6288f732b4a37126465f3c4168fbd3bae0f18879778559d5","Labels":null,"ParentId":"","RepoDigests":null,"RepoTags":["encode:latest"],"SharedSize":-1,"Size":398880514,"VirtualSize":398880514},{"Containers":-1,"Created":1695138766,"Id":"sha256:2762148b3829dd5494acb937c8b79626a2a71dc358bb182f47de12d0fd67f9de","Labels":null,"ParentId":"","RepoDigests":["<none>@<none>"],"RepoTags":["<none>:<none>"],"SharedSize":-1,"Size":398880520,"VirtualSize":398880520},{"Containers":-1,"Created":1695135170,"Id":"sha256:9bd55c37acdb96e7d99c4d07d4e4fb6a745b02abd51a0d35e9d1c17eaa21fd5c","Labels":null,"ParentId":"","RepoDigests":["<none>@<none>"],"RepoTags":["<none>:<none>"],"SharedSize":-1,"Size":398880523,"VirtualSize":398880523},{"Containers":-1,"Created":1694690029,"Id":"sha256:daac38891205d562d16421c3942b09810cb43df6b81c158f5d569de22288125b","Labels":{"com.docker.compose.project":"dsm","com.docker.compose.service":"encode","com.docker.compose.version":"2.20.2"},"ParentId":"","RepoDigests":["<none>@<none>"],"RepoTags":["<none>:<none>"],"SharedSize":-1,"Size":398678632,"VirtualSize":398678632},{"Containers":-1,"Created":1694689940,"Id":"sha256:5c17a2462e9af719b491f0aea6790891095ac0507fe3504d494765e88e5fdf4e","Labels":{"com.docker.compose.project":"dsm","com.docker.compose.service":"design-base","com.docker.compose.version":"2.20.2"},"ParentId":"","RepoDigests":["<none>@<none>"],"RepoTags":["<none>:<none>"],"SharedSize":-1,"Size":114066071,"VirtualSize":114066071},{"Containers":-1,"Created":1694689869,"Id":"sha256:5c5e4d6bdb528d1bd68d8b32f7495b160a9c5112aaf16ba0aa032dd2ac492148","Labels":{"com.docker.compose.project":"dsm","com.docker.compose.service":"sequence-base","com.docker.compose.version":"2.20.2"},"ParentId":"","RepoDigests":["<none>@<none>"],"RepoTags":["<none>:<none>"],"SharedSize":-1,"Size":552274516,"VirtualSize":552274516},{"Containers":-1,"Created":1694597987,"Id":"sha256:a06d9090cd926bb7ed9d99869f1a08a2d73d885fb78b237bd413c3c4e62e3555","Labels":{"com.docker.compose.project":"dsm","com.docker.compose.service":"encode","com.docker.compose.version":"2.20.2"},"ParentId":"","RepoDigests":["<none>@<none>"],"RepoTags":["<none>:<none>"],"SharedSize":-1,"Size":398673938,"VirtualSize":398673938},{"Containers":-1,"Created":1694597914,"Id":"sha256:e7112d1bcbf5bad791ccf9f7beeb1b4f63a5d5f3b9a7015a8a7aae20cfbcceda","Labels":{"com.docker.compose.project":"dsm","com.docker.compose.service":"design-base","com.docker.compose.version":"2.20.2"},"ParentId":"","RepoDigests":["<none>@<none>"],"RepoTags":["<none>:<none>"],"SharedSize":-1,"Size":114056117,"VirtualSize":114056117},{"Containers":-1,"Created":1694597839,"Id":"sha256:1a946abf6c620b831ceb0f8f2b9eb2f15194b2b5580c7bd607fc62b7573906b9","Labels":{"com.docker.compose.project":"dsm","com.docker.compose.service":"sequence-base","com.docker.compose.version":"2.20.2"},"ParentId":"","RepoDigests":["<none>@<none>"],"RepoTags":["<none>:<none>"],"SharedSize":-1,"Size":552274516,"VirtualSize":552274516},{"Containers":-1,"Created":1694590935,"Id":"sha256:cf1bd107b4a49e4a902cae492ae3c0f745d713bc0ffcdcd78fa4f7583f570156","Labels":{"com.docker.compose.project":"dsm","com.docker.compose.service":"sequence-base","com.docker.compose.version":"2.20.2"},"ParentId":"","RepoDigests":["<none>@<none>"],"RepoTags":["<none>:<none>"],"SharedSize":-1,"Size":552263437,"VirtualSize":552263437},{"Containers":-1,"Created":1694590768,"Id":"sha256:4b5869a461fb6b6ae8794865358bb2d24f4019f9e8c6ab5785890e693dce57fb","Labels":{"com.docker.compose.project":"dsm","com.docker.compose.service":"sequence-base","com.docker.compose.version":"2.20.2"},"ParentId":"","RepoDigests":["<none>@<none>"],"RepoTags":["<none>:<none>"],"SharedSize":-1,"Size":552271376,"VirtualSize":552271376},{"Containers":-1,"Created":1694590629,"Id":"sha256:0e0baf95baac1d64847882f424ec429f0fb06411f858b4f75c8af12869239867","Labels":{"com.docker.compose.project":"dsm","com.docker.compose.service":"sequence-base","com.docker.compose.version":"2.20.2"},"ParentId":"","RepoDigests":["<none>@<none>"],"RepoTags":["<none>:<none>"],"SharedSize":-1,"Size":552271376,"VirtualSize":552271376},{"Containers":-1,"Created":1694590384,"Id":"sha256:0f03409ac94361e8417e2d66e9a81ed742a1e62b20aa7258de32fc7d0a9ceeda","Labels":{"com.docker.compose.project":"dsm","com.docker.compose.service":"sequence-base","com.docker.compose.version":"2.20.2"},"ParentId":"","RepoDigests":["<none>@<none>"],"RepoTags":["<none>:<none>"],"SharedSize":-1,"Size":552272382,"VirtualSize":552272382},{"Containers":-1,"Created":1694590248,"Id":"sha256:c943dc425ee41d897d6bfc802c0a70e094dd8d94df77d2a3a48406ceabff827a","Labels":{"com.docker.compose.project":"dsm","com.docker.compose.service":"sequence-base","com.docker.compose.version":"2.20.2"},"ParentId":"","RepoDigests":["<none>@<none>"],"RepoTags":["<none>:<none>"],"SharedSize":-1,"Size":552274499,"VirtualSize":552274499},{"Containers":-1,"Created":1694537735,"Id":"sha256:e5672eba93f435bb95b0cfb9f09ca458a9985be5b7ba352a02454312974ed311","Labels":{"com.docker.compose.project":"dsm","com.docker.compose.service":"encode","com.docker.compose.version":"2.20.2"},"ParentId":"","RepoDigests":["<none>@<none>"],"RepoTags":["<none>:<none>"],"SharedSize":-1,"Size":398660902,"VirtualSize":398660902},{"Containers":-1,"Created":1694537588,"Id":"sha256:2dfb1f61f7ca3927ce423ea6ff17ce2e8bd293c1dba9cbb6282832047f89125f","Labels":{"com.docker.compose.project":"dsm","com.docker.compose.service":"design-base","com.docker.compose.version":"2.20.2"},"ParentId":"","RepoDigests":["<none>@<none>"],"RepoTags":["<none>:<none>"],"SharedSize":-1,"Size":114056078,"VirtualSize":114056078},{"Containers":-1,"Created":1694537439,"Id":"sha256:05e5e29c972b0062eb0f9813754ce874ba84f82deb3dd8994d4dd6286a73b117","Labels":{"com.docker.compose.project":"dsm","com.docker.compose.service":"sequence-base","com.docker.compose.version":"2.20.2"},"ParentId":"","RepoDigests":["<none>@<none>"],"RepoTags":["<none>:<none>"],"SharedSize":-1,"Size":552274788,"VirtualSize":552274788},{"Containers":-1,"Created":1694100627,"Id":"sha256:68486688ea5d6da65294131d1311a05b1b783669b8c4246ab2e444f1ebc6a496","Labels":{"com.docker.compose.project":"dsm","com.docker.compose.service":"encode","com.docker.compose.version":"2.20.2"},"ParentId":"","RepoDigests":["<none>@<none>"],"RepoTags":["<none>:<none>"],"SharedSize":-1,"Size":398659098,"VirtualSize":398659098},{"Containers":-1,"Created":1694100567,"Id":"sha256:d6a378f652"
17:51:23.160 [Test worker] DEBUG com.github.dockerjava.zerodep.shaded.org.apache.hc.client5.http.headers - http-outgoing-0 << HTTP/1.1 200 OK
17:51:23.160 [Test worker] DEBUG com.github.dockerjava.zerodep.shaded.org.apache.hc.client5.http.headers - http-outgoing-0 << Api-Version: 1.43
17:51:23.160 [Test worker] DEBUG com.github.dockerjava.zerodep.shaded.org.apache.hc.client5.http.headers - http-outgoing-0 << Content-Type: application/json
17:51:23.161 [Test worker] DEBUG com.github.dockerjava.zerodep.shaded.org.apache.hc.client5.http.headers - http-outgoing-0 << Docker-Experimental: false
17:51:23.161 [Test worker] DEBUG com.github.dockerjava.zerodep.shaded.org.apache.hc.client5.http.headers - http-outgoing-0 << Ostype: linux
17:51:23.161 [Test worker] DEBUG com.github.dockerjava.zerodep.shaded.org.apache.hc.client5.http.headers - http-outgoing-0 << Server: Docker/24.0.5 (linux)
17:51:23.161 [Test worker] DEBUG com.github.dockerjava.zerodep.shaded.org.apache.hc.client5.http.headers - http-outgoing-0 << Date: Sun, 24 Sep 2023 15:51:23 GMT
17:51:23.161 [Test worker] DEBUG com.github.dockerjava.zerodep.shaded.org.apache.hc.client5.http.headers - http-outgoing-0 << Transfer-Encoding: chunked
17:51:23.161 [Test worker] DEBUG com.github.dockerjava.zerodep.shaded.org.apache.hc.client5.http.impl.classic.MainClientExec - ex-00000003: connection can be kept alive for 3 MINUTES
17:51:23.167 [Test worker] DEBUG com.github.dockerjava.zerodep.shaded.org.apache.hc.client5.http.wire - http-outgoing-0 << "660ec0f45b83ce0748ae7de4f6994a00cd265b372e3142dd194846","Labels":{"com.docker.compose.project":"dsm","com.docker.compose.service":"design-base","com.docker.compose.version":"2.20.2"},"ParentId":"","RepoDigests":["<none>@<none>"],"RepoTags":["<none>:<none>"],"SharedSize":-1,"Size":114050007,"VirtualSize":114050007},{"Containers":-1,"Created":1694100206,"Id":"sha256:bc44532762f8871a1ff42c7960fb77d6152b57cd84ce7eca13abe371e79c5323","Labels":{"com.docker.compose.project":"dsm","com.docker.compose.service":"encode","com.docker.compose.version":"2.20.2"},"ParentId":"","RepoDigests":["<none>@<none>"],"RepoTags":["<none>:<none>"],"SharedSize":-1,"Size":398660876,"VirtualSize":398660876},{"Containers":-1,"Created":1694100141,"Id":"sha256:2cda97459ca8a3717e5dd65c92b31b25289de1bed393bef0bd5c9771d205c0f0","Labels":{"com.docker.compose.project":"dsm","com.docker.compose.service":"design-base","com.docker.compose.version":"2.20.2"},"ParentId":"","RepoDigests":["<none>@<none>"],"RepoTags":["<none>:<none>"],"SharedSize":-1,"Size":114046232,"VirtualSize":114046232},{"Containers":-1,"Created":1694098699,"Id":"sha256:a3468815b0fbfd65da59bf67154a732c746c6f6083b1b26c6bf60fa699a94651","Labels":{"com.docker.compose.project":"dsm","com.docker.compose.service":"encode","com.docker.compose.version":"2.20.2"},"ParentId":"","RepoDigests":["<none>@<none>"],"RepoTags":["<none>:<none>"],"SharedSize":-1,"Size":398659098,"VirtualSize":398659098},{"Containers":-1,"Created":1694098589,"Id":"sha256:c09396f90f5436278199b346aa6d9083372d48ec4a504a0d763f967e6368cd4e","Labels":{"com.docker.compose.project":"dsm","com.docker.compose.service":"design-base","com.docker.compose.version":"2.20.2"},"ParentId":"","RepoDigests":["<none>@<none>"],"RepoTags":["<none>:<none>"],"SharedSize":-1,"Size":114050007,"VirtualSize":114050007},{"Containers":-1,"Created":1694098507,"Id":"sha256:a4378929a72ee44c1a3234224b2e31395ca059452adfa7fede8f9c9169add808","Labels":{"com.docker.compose.project":"dsm","com.docker.compose.service":"sequence-base","com.docker.compose.version":"2.20.2"},"ParentId":"","RepoDigests":["<none>@<none>"],"RepoTags":["<none>:<none>"],"SharedSize":-1,"Size":546571777,"VirtualSize":546571777},{"Containers":-1,"Created":1693998305,"Id":"sha256:387249f36ed81c1ccaaed4b702d8be1cae20a3020512da866ca6e82c33e3fdb8","Labels":{"com.docker.compose.project":"dsm","com.docker.compose.service":"encode","com.docker.compose.version":"2.20.2"},"ParentId":"","RepoDigests":["<none>@<none>"],"RepoTags":["<none>:<none>"],"SharedSize":-1,"Size":398660845,"VirtualSize":398660845},{"Containers":-1,"Created":1693998236,"Id":"sha256:e073b5c76073fc11dc71605cee5d409a3b2fe7a7073c4d9fc72faee45b57a59f","Labels":{"com.docker.compose.project":"dsm","com.docker.compose.service":"sequence-base","com.docker.compose.version":"2.20.2"},"ParentId":"","RepoDigests":["<none>@<none>"],"RepoTags":["<none>:<none>"],"SharedSize":-1,"Size":546571777,"VirtualSize":546571777},{"Containers":-1,"Created":1693994363,"Id":"sha256:a78e430a489cfdc78fe831f1b306f328e0711dace5c4b929672e2800df236c32","Labels":{"com.docker.compose.project":"dsm","com.docker.compose.service":"encode","com.docker.compose.version":"2.20.2"},"ParentId":"","RepoDigests":["<none>@<none>"],"RepoTags":["<none>:<none>"],"SharedSize":-1,"Size":398660843,"VirtualSize":398660843},{"Containers":-1,"Created":1693994303,"Id":"sha256:5b199b34b838cb7180cbaf2ce0902b16135752fdb1afa3431d2ff3a9bb7da994","Labels":{"com.docker.compose.project":"dsm","com.docker.compose.service":"sequence-base","com.docker.compose.version":"2.20.2"},"ParentId":"","RepoDigests":["<none>@<none>"],"RepoTags":["<none>:<none>"],"SharedSize":-1,"Size":546571777,"VirtualSize":546571777},{"Containers":-1,"Created":1693992967,"Id":"sha256:3940ca43991840935b852d7df8ab2753f704aa7d68bdb7c9d67058f8a9b0f4cc","Labels":{"com.docker.compose.project":"dsm","com.docker.compose.service":"encode","com.docker.compose.version":"2.20.2"},"ParentId":"","RepoDigests":["<none>@<none>"],"RepoTags":["<none>:<none>"],"SharedSize":-1,"Size":398703117,"VirtualSize":398703117},{"Containers":-1,"Created":1693992579,"Id":"sha256:42e66a26e9bf58fc9ab01aae0364fafeb4ceac6af87a08d0e483562946501913","Labels":{"com.docker.compose.project":"dsm","com.docker.compose.service":"encode","com.docker.compose.version":"2.20.2"},"ParentId":"","RepoDigests":["<none>@<none>"],"RepoTags":["<none>:<none>"],"SharedSize":-1,"Size":398703117,"VirtualSize":398703117},{"Containers":-1,"Created":1693992245,"Id":"sha256:283a703da04b67c6789054b1773bcccc7e3ddeaf66c7aed3b805624c236580cf","Labels":{"com.docker.compose.project":"dsm","com.docker.compose.service":"encode","com.docker.compose.version":"2.20.2"},"ParentId":"","RepoDigests":["<none>@<none>"],"RepoTags":["<none>:<none>"],"SharedSize":-1,"Size":398703030,"VirtualSize":398703030},{"Containers":-1,"Created":1693991796,"Id":"sha256:61da29d38ccd775b8f3864b2869bda3c0bb94ab9967dc7796d91b41112310793","Labels":{"com.docker.compose.project":"dsm","com.docker.compose.service":"encode","com.docker.compose.version":"2.20.2"},"ParentId":"","RepoDigests":["<none>@<none>"],"RepoTags":["<none>:<none>"],"SharedSize":-1,"Size":398703055,"VirtualSize":398703055},{"Containers":-1,"Created":1693987634,"Id":"sha256:c90e0540d32d6dd227f16a79461f449ddd915ff2f1eaa962065da38ef9976a7d","Labels":{"com.docker.compose.project":"dsm","com.docker.compose.service":"encode","com.docker.compose.version":"2.20.2"},"ParentId":"","RepoDigests":["<none>@<none>"],"RepoTags":["<none>:<none>"],"SharedSize":-1,"Size":398702836,"VirtualSize":398702836},{"Containers":-1,"Created":1693986128,"Id":"sha256:ead8b7d964e35ad534f407cc292e55bc4ea5ff5ec2cee5e9c46bd77214e0b342","Labels":{"com.docker.compose.project":"dsm","com.docker.compose.service":"encode","com.docker.compose.version":"2.20.2"},"ParentId":"","RepoDigests":["<none>@<none>"],"RepoTags":["<none>:<none>"],"SharedSize":-1,"Size":398701813,"VirtualSize":398701813},{"Containers":-1,"Created":1693985609,"Id":"sha256:b0c002db9deec0735abbe67a3e4390e84beb052fc8d56c0bdad0b25a90c629b1","Labels":{"com.docker.compose.project":"dsm","com.docker.compose.service":"encode","com.docker.compose.version":"2.20.2"},"ParentId":"","RepoDigests":["<none>@<none>"],"RepoTags":["<none>:<none>"],"SharedSize":-1,"Size":398701127,"VirtualSize":398701127},{"Containers":-1,"Created":1693985537,"Id":"sha256:e931fa0f262e00e627d40d3466893494eff037afbae612fdaec9e15e7c4b5586","Labels":{"com.docker.compose.project":"dsm","com.docker.compose.service":"sequence-base","com.docker.compose.version":"2.20.2"},"ParentId":"","RepoDigests":["<none>@<none>"],"RepoTags":["<none>:<none>"],"SharedSize":-1,"Size":546571779,"VirtualSize":546571779},{"Containers":-1,"Created":1693985248,"Id":"sha256:cbfd6cfc7ace15a282225a020eaa856253ff0b6a49495b5cdbee856e03e1e70f","Labels":{"com.docker.compose.project":"dsm","com.docker.compose.service":"encode","com.docker.compose.version":"2.20.2"},"ParentId":"","RepoDigests":["<none>@<none>"],"RepoTags":["<none>:<none>"],"SharedSize":-1,"Size":398659111,"VirtualSize":398659111},{"Containers":-1,"Created":1693957793,"Id":"sha256:9576663f05bbfbb5c97d58a8b377ab040e01d90424b123f5424f39c0c14be925","Labels":{"org.opencontainers.image.ref.name":"ubuntu","org.opencontainers.image.version":"22.04"},"ParentId":"","RepoDigests":["mongo@sha256:31bf43c4959c283733a004b0a3a9c4ddc52efafb4cf9a38e42d2da93e9a72546"],"RepoTags":["mongo:latest"],"SharedSize":-1,"Size":735707407,"VirtualSize":735707407},{"Containers":-1,"Created":1693926670,"Id":"sha256:0f9a5e43d31e2029479b736c18a509bf7de2f06896999e21f364ed346e5431db","Labels":{"com.docker.compose.project":"dsm","com.docker.compose.service":"encode","com.docker.compose.version":"2.20.2"},"ParentId":"","RepoDigests":["<none>@<none>"],"RepoTags":["<none>:<none>"],"SharedSize":-1,"Size":398658993,"VirtualSize":398658993},{"Containers":-1,"Created":1693926413,"Id":"sha256:1fcdf2ba9b6da4f3980563d2c2c69d4a72b9bb1ddad583afb77a940d91a9fe4c","Labels":{"com.docker.compose.project":"dsm","com"
17:51:23.171 [Test worker] DEBUG com.github.dockerjava.zerodep.shaded.org.apache.hc.client5.http.wire - http-outgoing-0 << ".docker.compose.service":"encode","com.docker.compose.version":"2.20.2"},"ParentId":"","RepoDigests":["<none>@<none>"],"RepoTags":["<none>:<none>"],"SharedSize":-1,"Size":398658992,"VirtualSize":398658992},{"Containers":-1,"Created":1693923808,"Id":"sha256:0e9f12c387cc7bcb9b50411732717aabb80e9f68865e23fb42e351f80fbeceb8","Labels":{"com.docker.compose.project":"dsm","com.docker.compose.service":"encode","com.docker.compose.version":"2.20.2"},"ParentId":"","RepoDigests":["<none>@<none>"],"RepoTags":["<none>:<none>"],"SharedSize":-1,"Size":398658955,"VirtualSize":398658955},{"Containers":-1,"Created":1693923453,"Id":"sha256:507094c66542c8f006c24cd47b0a5769267474fe73928a9be1761aaa7819935a","Labels":{"com.docker.compose.project":"dsm","com.docker.compose.service":"encode","com.docker.compose.version":"2.20.2"},"ParentId":"","RepoDigests":["<none>@<none>"],"RepoTags":["<none>:<none>"],"SharedSize":-1,"Size":398658941,"VirtualSize":398658941},{"Containers":-1,"Created":1693923382,"Id":"sha256:6b0fa94cc6afd03cd3d667a6cbb5814d49a531f47a3706bbafe118cf2a017b72","Labels":{"com.docker.compose.project":"dsm","com.docker.compose.service":"design-base","com.docker.compose.version":"2.20.2"},"ParentId":"","RepoDigests":["<none>@<none>"],"RepoTags":["<none>:<none>"],"SharedSize":-1,"Size":114046231,"VirtualSize":114046231},{"Containers":-1,"Created":1693923272,"Id":"sha256:92aab50d746fed1f37793ecd4b6b58af5222cd5429568b53b8082273f18935ed","Labels":{"com.docker.compose.project":"dsm","com.docker.compose.service":"sequence-base","com.docker.compose.version":"2.20.2"},"ParentId":"","RepoDigests":["<none>@<none>"],"RepoTags":["<none>:<none>"],"SharedSize":-1,"Size":546571777,"VirtualSize":546571777},{"Containers":-1,"Created":1693922375,"Id":"sha256:2bdfab16bf0e387951bef3499d4763cd8857a87dc5f1a5c9f60dc66ff8dc9301","Labels":{"com.docker.compose.project":"dsm","com.docker.compose.service":"design-base","com.docker.compose.version":"2.20.2"},"ParentId":"","RepoDigests":["<none>@<none>"],"RepoTags":["<none>:<none>"],"SharedSize":-1,"Size":114046231,"VirtualSize":114046231},{"Containers":-1,"Created":1693912990,"Id":"sha256:4c42e81ed97a6d77d67d529b4a5fd42f480b89cad82aa7c944be44eba32a9b6e","Labels":{"com.docker.compose.project":"dsm","com.docker.compose.service":"encode","com.docker.compose.version":"2.20.2"},"ParentId":"","RepoDigests":["<none>@<none>"],"RepoTags":["<none>:<none>"],"SharedSize":-1,"Size":398658992,"VirtualSize":398658992},{"Containers":-1,"Created":1693837295,"Id":"sha256:e0c597f9238d1fb08b05bae0aefc993146b42283828f1869e8c28dc6f3ec4070","Labels":{"com.docker.compose.project":"dsm","com.docker.compose.service":"encode","com.docker.compose.version":"2.20.2"},"ParentId":"","RepoDigests":["<none>@<none>"],"RepoTags":["<none>:<none>"],"SharedSize":-1,"Size":398658977,"VirtualSize":398658977},{"Containers":-1,"Created":1693837230,"Id":"sha256:5870e1938813ad4573c5aa3bbb21334de5e45b6bce81d8aa8e00ae7eccad833e","Labels":{"com.docker.compose.project":"dsm","com.docker.compose.service":"design-base","com.docker.compose.version":"2.20.2"},"ParentId":"","RepoDigests":["<none>@<none>"],"RepoTags":["<none>:<none>"],"SharedSize":-1,"Size":114028152,"VirtualSize":114028152},{"Containers":-1,"Created":1693837154,"Id":"sha256:78429364b68a3457f37c37de73073e90e271a60414117363509d287f646de282","Labels":{"com.docker.compose.project":"dsm","com.docker.compose.service":"sequence-base","com.docker.compose.version":"2.20.2"},"ParentId":"","RepoDigests":["<none>@<none>"],"RepoTags":["<none>:<none>"],"SharedSize":-1,"Size":546571777,"VirtualSize":546571777},{"Containers":-1,"Created":1693825559,"Id":"sha256:523dfe0e19d72eb3aab9b9a17a20692464b943ecb40d9101c496d88549c28b96","Labels":{"com.docker.compose.project":"dsm","com.docker.compose.service":"encode","com.docker.compose.version":"2.20.2"},"ParentId":"","RepoDigests":["<none>@<none>"],"RepoTags":["<none>:<none>"],"SharedSize":-1,"Size":398625407,"VirtualSize":398625407},{"Containers":-1,"Created":1693825487,"Id":"sha256:70290e2a5fe06a655f9404c5220ba1ef6ed94b862870f89aebd876e0370063cb","Labels":{"com.docker.compose.project":"dsm","com.docker.compose.service":"design-base","com.docker.compose.version":"2.20.2"},"ParentId":"","RepoDigests":["<none>@<none>"],"RepoTags":["<none>:<none>"],"SharedSize":-1,"Size":114028152,"VirtualSize":114028152},{"Containers":-1,"Created":1693819348,"Id":"sha256:205b36295cd6d18bc2e6adf4500e130db79738cf6af307babfc9c0977eeeabdb","Labels":{"com.docker.compose.project":"dsm","com.docker.compose.service":"encode","com.docker.compose.version":"2.20.2"},"ParentId":"","RepoDigests":["<none>@<none>"],"RepoTags":["<none>:<none>"],"SharedSize":-1,"Size":398625407,"VirtualSize":398625407},{"Containers":-1,"Created":1693819256,"Id":"sha256:e4d8c6b54e622317a662603b93b8e839ddb332370882717acc6975aff488d0d3","Labels":{"com.docker.compose.project":"dsm","com.docker.compose.service":"design-base","com.docker.compose.version":"2.20.2"},"ParentId":"","RepoDigests":["<none>@<none>"],"RepoTags":["<none>:<none>"],"SharedSize":-1,"Size":114046583,"VirtualSize":114046583},{"Containers":-1,"Created":1693819177,"Id":"sha256:158286d1759fa4a42aebcf7c152ca2b4ebef9fe35e40b5ba16eb5a193ad600b8","Labels":{"com.docker.compose.project":"dsm","com.docker.compose.service":"sequence-base","com.docker.compose.version":"2.20.2"},"ParentId":"","RepoDigests":["<none>@<none>"],"RepoTags":["<none>:<none>"],"SharedSize":-1,"Size":546571777,"VirtualSize":546571777},{"Containers":-1,"Created":1693571015,"Id":"sha256:76b5436679239adca6e5f5ba14f5c8e6c07e4963d717708e81385d9a51e33205","Labels":{"com.docker.compose.project":"dsm","com.docker.compose.service":"encode","com.docker.compose.version":"2.20.2"},"ParentId":"","RepoDigests":["<none>@<none>"],"RepoTags":["<none>:<none>"],"SharedSize":-1,"Size":398613525,"VirtualSize":398613525},{"Containers":-1,"Created":1693570951,"Id":"sha256:bd1a4a975a562e013183a3daaced79c37882e8ed557ff7e1dbdee759411f9969","Labels":{"com.docker.compose.project":"dsm","com.docker.compose.service":"design-base","com.docker.compose.version":"2.20.2"},"ParentId":"","RepoDigests":["<none>@<none>"],"RepoTags":["<none>:<none>"],"SharedSize":-1,"Size":114011393,"VirtualSize":114011393},{"Containers":-1,"Created":1693570881,"Id":"sha256:924d28cbabd43cf0e9e053ebea5f90dd5378ab2b1ec4fbd2c1c28eca1a27fb5a","Labels":{"com.docker.compose.project":"dsm","com.docker.compose.service":"sequence-base","com.docker.compose.version":"2.20.2"},"ParentId":"","RepoDigests":["<none>@<none>"],"RepoTags":["<none>:<none>"],"SharedSize":-1,"Size":546557459,"VirtualSize":546557459},{"Containers":-1,"Created":1693568298,"Id":"sha256:67e023af53a0f302a5dd193d9ecf7cd7d69c061f5aba4d1ae8c9dfd2a744c43a","Labels":{"com.docker.compose.project":"dsm","com.docker.compose.service":"design-base","com.docker.compose.version":"2.20.2"},"ParentId":"","RepoDigests":["<none>@<none>"],"RepoTags":["<none>:<none>"],"SharedSize":-1,"Size":114028152,"VirtualSize":114028152},{"Containers":-1,"Created":1693567949,"Id":"sha256:b8c25989dae513ce12d2501ec408c23e5ccc2cfe1650e90e3a2e2e7dad6f851a","Labels":{"com.docker.compose.project":"dsm","com.docker.compose.service":"encode","com.docker.compose.version":"2.20.2"},"ParentId":"","RepoDigests":["<none>@<none>"],"RepoTags":["<none>:<none>"],"SharedSize":-1,"Size":398625407,"VirtualSize":398625407},{"Containers":-1,"Created":1693567885,"Id":"sha256:bdccf5cd6d8d5cca8f243663473d397bfc5f8a5b9be113c18d1fb0b70fb33259","Labels":{"com.docker.compose.project":"dsm","com.docker.compose.service":"design-base","com.docker.compose.version":"2.20.2"},"ParentId":"","RepoDigests":["<none>@<none>"],"RepoTags":["<none>:<none>"],"SharedSize":-1,"Size":114028298,"VirtualSize":114028298},{"Containers":-1,"Created":1693567814,"Id":"sha256:2beb16b9586bdc2bd04c67669b35b377f0a53eda5994ea176965d915f15ab056","Labels":{"com.docker.compose.project":"dsm","com.docker.compose.service":"sequence-base","com.docker.compose.version":"2.20.2"},"ParentId":"","RepoDigests":["<none>@<no"
17:51:23.174 [Test worker] DEBUG com.github.dockerjava.zerodep.shaded.org.apache.hc.client5.http.wire - http-outgoing-0 << "ne>"],"RepoTags":["<none>:<none>"],"SharedSize":-1,"Size":546571777,"VirtualSize":546571777},{"Containers":-1,"Created":1693566743,"Id":"sha256:0a411afcbfbae4a2eba59e7b6642b13f2d3b996bc33c03b2e5476ed1c0c29ccd","Labels":{"com.docker.compose.project":"dsm","com.docker.compose.service":"encode","com.docker.compose.version":"2.20.2"},"ParentId":"","RepoDigests":["<none>@<none>"],"RepoTags":["<none>:<none>"],"SharedSize":-1,"Size":398613684,"VirtualSize":398613684},{"Containers":-1,"Created":1693566682,"Id":"sha256:02ee49599d64f5655bf2ddc0f729fc28083ebb83efcac81d0c00d6c412f274a7","Labels":{"com.docker.compose.project":"dsm","com.docker.compose.service":"design-base","com.docker.compose.version":"2.20.2"},"ParentId":"","RepoDigests":["<none>@<none>"],"RepoTags":["<none>:<none>"],"SharedSize":-1,"Size":114011539,"VirtualSize":114011539},{"Containers":-1,"Created":1693562532,"Id":"sha256:44d2a3cfe8a7be4306809751a71f38f940f7314fb295336c174c143da191ce5b","Labels":{"com.docker.compose.project":"dsm","com.docker.compose.service":"encode","com.docker.compose.version":"2.20.2"},"ParentId":"","RepoDigests":["<none>@<none>"],"RepoTags":["<none>:<none>"],"SharedSize":-1,"Size":398613284,"VirtualSize":398613284},{"Containers":-1,"Created":1693562452,"Id":"sha256:6ff865524f5bda9fb770f26242e3c7faa1d050ad948bac86e35ce38b5c4136c5","Labels":{"com.docker.compose.project":"dsm","com.docker.compose.service":"design-base","com.docker.compose.version":"2.20.2"},"ParentId":"","RepoDigests":["<none>@<none>"],"RepoTags":["<none>:<none>"],"SharedSize":-1,"Size":114011392,"VirtualSize":114011392},{"Containers":-1,"Created":1693562373,"Id":"sha256:2facc714e36cc482caa71bd259ec43e5abd27677805541c464a0d7bbeb5ee60d","Labels":{"com.docker.compose.project":"dsm","com.docker.compose.service":"sequence-base","com.docker.compose.version":"2.20.2"},"ParentId":"","RepoDigests":["<none>@<none>"],"RepoTags":["<none>:<none>"],"SharedSize":-1,"Size":546557459,"VirtualSize":546557459},{"Containers":-1,"Created":1693559875,"Id":"sha256:8d0358a212766a4c25579c8d6e07770ebafe21585448fbf3af853eef1c5b5611","Labels":{"com.docker.compose.project":"dsm","com.docker.compose.service":"encode","com.docker.compose.version":"2.20.2"},"ParentId":"","RepoDigests":["<none>@<none>"],"RepoTags":["<none>:<none>"],"SharedSize":-1,"Size":398625407,"VirtualSize":398625407},{"Containers":-1,"Created":1693559813,"Id":"sha256:8215800fe453b0e1dba26afe794df9e5980c7b2477924b66b478a603aa2160ee","Labels":{"com.docker.compose.project":"dsm","com.docker.compose.service":"design-base","com.docker.compose.version":"2.20.2"},"ParentId":"","RepoDigests":["<none>@<none>"],"RepoTags":["<none>:<none>"],"SharedSize":-1,"Size":114028152,"VirtualSize":114028152},{"Containers":-1,"Created":1693559744,"Id":"sha256:09f1fae4b1fa99eed3de5f2729c5ff7e510bd4d9205c6b0aa5ebbbb3590b1c32","Labels":{"com.docker.compose.project":"dsm","com.docker.compose.service":"sequence-base","com.docker.compose.version":"2.20.2"},"ParentId":"","RepoDigests":["<none>@<none>"],"RepoTags":["<none>:<none>"],"SharedSize":-1,"Size":546571777,"VirtualSize":546571777},{"Containers":-1,"Created":1693554799,"Id":"sha256:b4c4b54407cebc182eff66f38272fb24f982b705bd26ad5e94c329e3cd21da0f","Labels":{"com.docker.compose.project":"dsm","com.docker.compose.service":"encode","com.docker.compose.version":"2.20.2"},"ParentId":"","RepoDigests":["<none>@<none>"],"RepoTags":["<none>:<none>"],"SharedSize":-1,"Size":398625407,"VirtualSize":398625407},{"Containers":-1,"Created":1693554712,"Id":"sha256:c3e6ff0b1b9dc517f3ecd32443f553fe5a53059ab5156ced6f984e31cc5b9314","Labels":{"com.docker.compose.project":"dsm","com.docker.compose.service":"design-base","com.docker.compose.version":"2.20.2"},"ParentId":"","RepoDigests":["<none>@<none>"],"RepoTags":["<none>:<none>"],"SharedSize":-1,"Size":114033920,"VirtualSize":114033920},{"Containers":-1,"Created":1693554644,"Id":"sha256:f2c2636416935953abc5014fe2d00b19803c09e514ee3b8c3ff10d2cf695263d","Labels":{"com.docker.compose.project":"dsm","com.docker.compose.service":"sequence-base","com.docker.compose.version":"2.20.2"},"ParentId":"","RepoDigests":["<none>@<none>"],"RepoTags":["<none>:<none>"],"SharedSize":-1,"Size":546571777,"VirtualSize":546571777},{"Containers":-1,"Created":1693480037,"Id":"sha256:fa42ea338da649f23278c064910c65ad921b611b788a2f8ef5e30c3de279adb1","Labels":{"com.docker.compose.project":"dsm","com.docker.compose.service":"encode","com.docker.compose.version":"2.19.1"},"ParentId":"","RepoDigests":["<none>@<none>"],"RepoTags":["<none>:<none>"],"SharedSize":-1,"Size":398624512,"VirtualSize":398624512},{"Containers":-1,"Created":1693479937,"Id":"sha256:4a53dbc6de945b60d42b73e5275bde6fab847b2b397732c6e6a46af40cb0fa1a","Labels":{"com.docker.compose.project":"dsm","com.docker.compose.service":"sequence-base","com.docker.compose.version":"2.19.1"},"ParentId":"","RepoDigests":["<none>@<none>"],"RepoTags":["<none>:<none>"],"SharedSize":-1,"Size":546573424,"VirtualSize":546573424},{"Containers":-1,"Created":1693416299,"Id":"sha256:fc124b3d9b0613de3a9df3a5a04a7db9909997ab061734f7b131bfe898d3a720","Labels":{"com.docker.compose.project":"dsm","com.docker.compose.service":"encode","com.docker.compose.version":"2.19.1"},"ParentId":"","RepoDigests":["<none>@<none>"],"RepoTags":["<none>:<none>"],"SharedSize":-1,"Size":398624671,"VirtualSize":398624671},{"Containers":-1,"Created":1693416025,"Id":"sha256:6c0fa8593d7f14633bf25a356090b8be91df990acdd9bed05d0f698401bfc5f4","Labels":{"com.docker.compose.project":"dsm","com.docker.compose.service":"encode","com.docker.compose.version":"2.19.1"},"ParentId":"","RepoDigests":["<none>@<none>"],"RepoTags":["<none>:<none>"],"SharedSize":-1,"Size":398624482,"VirtualSize":398624482},{"Containers":-1,"Created":1693415946,"Id":"sha256:ae48762b4191018e28196b5a4ebb2885422f5e2e0bc8c20373d32171ec02efa9","Labels":{"com.docker.compose.project":"dsm","com.docker.compose.service":"sequence-base","com.docker.compose.version":"2.19.1"},"ParentId":"","RepoDigests":["<none>@<none>"],"RepoTags":["<none>:<none>"],"SharedSize":-1,"Size":546572581,"VirtualSize":546572581},{"Containers":-1,"Created":1693414695,"Id":"sha256:2205f7c5ca724621f758f050b5d5e07371cb848effe5eea334f6289fec1636d1","Labels":{"com.docker.compose.project":"dsm","com.docker.compose.service":"encode","com.docker.compose.version":"2.19.1"},"ParentId":"","RepoDigests":["<none>@<none>"],"RepoTags":["<none>:<none>"],"SharedSize":-1,"Size":398624930,"VirtualSize":398624930},{"Containers":-1,"Created":1693414612,"Id":"sha256:854e6b0df61c644f0d50db4fadc18e5969279e3cc5e2f22bbad6ca271ec0e07f","Labels":{"com.docker.compose.project":"dsm","com.docker.compose.service":"design-base","com.docker.compose.version":"2.19.1"},"ParentId":"","RepoDigests":["<none>@<none>"],"RepoTags":["<none>:<none>"],"SharedSize":-1,"Size":114028152,"VirtualSize":114028152},{"Containers":-1,"Created":1693414463,"Id":"sha256:8816078fa3231c2612d9e019134e00299b21670911f228564002f38c0136674d","Labels":{"com.docker.compose.project":"dsm","com.docker.compose.service":"sequence-base","com.docker.compose.version":"2.19.1"},"ParentId":"","RepoDigests":["<none>@<none>"],"RepoTags":["<none>:<none>"],"SharedSize":-1,"Size":546572634,"VirtualSize":546572634},{"Containers":-1,"Created":1693397690,"Id":"sha256:46acce3ac9ca6a5ea912368991b1c348485002041d7a1cc126cf633ed6b95294","Labels":{"com.docker.compose.project":"dsm","com.docker.compose.service":"sequence-base","com.docker.compose.version":"2.19.1"},"ParentId":"","RepoDigests":["<none>@<none>"],"RepoTags":["<none>:<none>"],"SharedSize":-1,"Size":546557825,"VirtualSize":546557825},{"Containers":-1,"Created":1693388606,"Id":"sha256:5a1dccae62d4d5e477884bb32c26034a4c184194403fa6850ae884b2f6f08820","Labels":{"com.docker.compose.project":"dsm","com.docker.compose.service":"sequence-base","com.docker.compose.version":"2.19.1"},"ParentId":"","RepoDigests":["<none>@<none>"],"RepoTags":["<none>:<none>"],"SharedSize":-1,"Size":546571368,"VirtualSize":546571368},{"Containers":"
17:51:23.177 [Test worker] DEBUG com.github.dockerjava.zerodep.shaded.org.apache.hc.client5.http.wire - http-outgoing-0 << "-1,"Created":1693387962,"Id":"sha256:41953940ecbfab3bb3b54273244f359def71438c83e2f9ea4a8cdd7fc3d3fb19","Labels":{"com.docker.compose.project":"dsm","com.docker.compose.service":"encode","com.docker.compose.version":"2.19.1"},"ParentId":"","RepoDigests":["<none>@<none>"],"RepoTags":["<none>:<none>"],"SharedSize":-1,"Size":398623117,"VirtualSize":398623117},{"Containers":-1,"Created":1693387838,"Id":"sha256:529d95c7c7533577107d8a7c2fa06d76724db03cfa1dd08bd2ffc0af5b480387","Labels":{"com.docker.compose.project":"dsm","com.docker.compose.service":"design-base","com.docker.compose.version":"2.19.1"},"ParentId":"","RepoDigests":["<none>@<none>"],"RepoTags":["<none>:<none>"],"SharedSize":-1,"Size":114028152,"VirtualSize":114028152},{"Containers":-1,"Created":1693387688,"Id":"sha256:da156d534749078d9febf933430d9ebe7bb4cf85252675d274d5deda8ae1771c","Labels":{"com.docker.compose.project":"dsm","com.docker.compose.service":"sequence-base","com.docker.compose.version":"2.19.1"},"ParentId":"","RepoDigests":["<none>@<none>"],"RepoTags":["<none>:<none>"],"SharedSize":-1,"Size":546570973,"VirtualSize":546570973},{"Containers":-1,"Created":1692955358,"Id":"sha256:270c4e00b6ae1f28899c227f06442c94f1c42fd379b3de4acfbb9f3d9d85b85e","Labels":{"com.docker.compose.project":"dsm","com.docker.compose.service":"encode","com.docker.compose.version":"2.19.1"},"ParentId":"","RepoDigests":["<none>@<none>"],"RepoTags":["<none>:<none>"],"SharedSize":-1,"Size":398590046,"VirtualSize":398590046},{"Containers":-1,"Created":1692955247,"Id":"sha256:85b74a707a7e2542a90f5fa74e5266ee8aa33c0c4913b536181c9ece42347bd1","Labels":{"com.docker.compose.project":"dsm","com.docker.compose.service":"encode","com.docker.compose.version":"2.19.1"},"ParentId":"","RepoDigests":["<none>@<none>"],"RepoTags":["<none>:<none>"],"SharedSize":-1,"Size":398590032,"VirtualSize":398590032},{"Containers":-1,"Created":1692955046,"Id":"sha256:798b1d930bab61bb95807c18dd49984a46ea7aab0d1596a4e3ffe38e72fe52e5","Labels":{"com.docker.compose.project":"dsm","com.docker.compose.service":"encode","com.docker.compose.version":"2.19.1"},"ParentId":"","RepoDigests":["<none>@<none>"],"RepoTags":["<none>:<none>"],"SharedSize":-1,"Size":398590029,"VirtualSize":398590029},{"Containers":-1,"Created":1692954970,"Id":"sha256:ecfd974899362bbe1dfe5831bd75b4d74699b0330804ad4fba6918ae5a214a4f","Labels":{"com.docker.compose.project":"dsm","com.docker.compose.service":"sequence-base","com.docker.compose.version":"2.19.1"},"ParentId":"","RepoDigests":["<none>@<none>"],"RepoTags":["<none>:<none>"],"SharedSize":-1,"Size":546557830,"VirtualSize":546557830},{"Containers":-1,"Created":1692954107,"Id":"sha256:ddda489e8119dfebb3f46a69e7368f2f345ce3b166b111759a5eb861b2a5d480","Labels":{"com.docker.compose.project":"dsm","com.docker.compose.service":"encode","com.docker.compose.version":"2.19.1"},"ParentId":"","RepoDigests":["<none>@<none>"],"RepoTags":["<none>:<none>"],"SharedSize":-1,"Size":398590005,"VirtualSize":398590005},{"Containers":-1,"Created":1692953001,"Id":"sha256:0bbcae6d44cdca7564fab45082ad6314fd59329966b35acbc452443ea77993eb","Labels":{"com.docker.compose.project":"dsm","com.docker.compose.service":"encode","com.docker.compose.version":"2.19.1"},"ParentId":"","RepoDigests":["<none>@<none>"],"RepoTags":["<none>:<none>"],"SharedSize":-1,"Size":398590051,"VirtualSize":398590051},{"Containers":-1,"Created":1692952325,"Id":"sha256:fca48fd6aacad640ccb7cd685815a85c54347b2019f2f93f62815d871d645f2c","Labels":{"com.docker.compose.project":"dsm","com.docker.compose.service":"encode","com.docker.compose.version":"2.19.1"},"ParentId":"","RepoDigests":["<none>@<none>"],"RepoTags":["<none>:<none>"],"SharedSize":-1,"Size":398590050,"VirtualSize":398590050},{"Containers":-1,"Created":1692951393,"Id":"sha256:b63308c2cf96e09126e457f6bc4fd7d0c0522ca6f12f42570727b5e9b53da894","Labels":{"com.docker.compose.project":"dsm","com.docker.compose.service":"encode","com.docker.compose.version":"2.19.1"},"ParentId":"","RepoDigests":["<none>@<none>"],"RepoTags":["<none>:<none>"],"SharedSize":-1,"Size":398590035,"VirtualSize":398590035},{"Containers":-1,"Created":1692950993,"Id":"sha256:a5e4dbeb052da5c44faa31e22b01742179bcff2a80b9eba1980da3a5aff2fbb8","Labels":{"com.docker.compose.project":"dsm","com.docker.compose.service":"encode","com.docker.compose.version":"2.19.1"},"ParentId":"","RepoDigests":["<none>@<none>"],"RepoTags":["<none>:<none>"],"SharedSize":-1,"Size":398590030,"VirtualSize":398590030},{"Containers":-1,"Created":1692950809,"Id":"sha256:d48aceae2abf75a52a4a208d06e6520264758bd90e01817a05422cd6ac1d9a7a","Labels":{"com.docker.compose.project":"dsm","com.docker.compose.service":"sequence-base","com.docker.compose.version":"2.19.1"},"ParentId":"","RepoDigests":["<none>@<none>"],"RepoTags":["<none>:<none>"],"SharedSize":-1,"Size":546557830,"VirtualSize":546557830},{"Containers":-1,"Created":1692888474,"Id":"sha256:70245fc54c2b04aac4bc3a451b0b997d69244643e7a1a2f6b97446ef1afc1b21","Labels":{"com.docker.compose.project":"dsm","com.docker.compose.service":"encode","com.docker.compose.version":"2.19.1"},"ParentId":"","RepoDigests":["<none>@<none>"],"RepoTags":["<none>:<none>"],"SharedSize":-1,"Size":398590062,"VirtualSize":398590062},{"Containers":-1,"Created":1692888114,"Id":"sha256:3c1f44012b875b7d80541e0a58e0a82b3b0e1fb2e7fa506f46becc927a3cfb46","Labels":{"com.docker.compose.project":"dsm","com.docker.compose.service":"encode","com.docker.compose.version":"2.19.1"},"ParentId":"","RepoDigests":["<none>@<none>"],"RepoTags":["<none>:<none>"],"SharedSize":-1,"Size":398590060,"VirtualSize":398590060},{"Containers":-1,"Created":1692887403,"Id":"sha256:a41192952de1bd7f810bf1f523176ce4d8c0c879e63be2bbd53edcce52739289","Labels":{"com.docker.compose.project":"dsm","com.docker.compose.service":"encode","com.docker.compose.version":"2.19.1"},"ParentId":"","RepoDigests":["<none>@<none>"],"RepoTags":["<none>:<none>"],"SharedSize":-1,"Size":398590060,"VirtualSize":398590060},{"Containers":-1,"Created":1692886029,"Id":"sha256:973469ffef9ad9f25b2f7555a3f0dbb42d8c031f416b595fb0b14ede9e3621bd","Labels":{"com.docker.compose.project":"dsm","com.docker.compose.service":"encode","com.docker.compose.version":"2.19.1"},"ParentId":"","RepoDigests":["<none>@<none>"],"RepoTags":["<none>:<none>"],"SharedSize":-1,"Size":398590064,"VirtualSize":398590064},{"Containers":-1,"Created":1692883608,"Id":"sha256:92f390bd35d6511aba73cd72709abae878c34eeac4b8ff1ce36d827fd48669c1","Labels":{"com.docker.compose.project":"dsm","com.docker.compose.service":"encode","com.docker.compose.version":"2.19.1"},"ParentId":"","RepoDigests":["<none>@<none>"],"RepoTags":["<none>:<none>"],"SharedSize":-1,"Size":398590036,"VirtualSize":398590036},{"Containers":-1,"Created":1692883172,"Id":"sha256:90eaacb6f6b172d6501621c11011db70441a3613245316213f9e03d9cbcf07a8","Labels":{"com.docker.compose.project":"dsm","com.docker.compose.service":"encode","com.docker.compose.version":"2.19.1"},"ParentId":"","RepoDigests":["<none>@<none>"],"RepoTags":["<none>:<none>"],"SharedSize":-1,"Size":398589827,"VirtualSize":398589827},{"Containers":-1,"Created":1692880769,"Id":"sha256:5f5fc26649c980cb77b69fadf31b68a3b52a4345712cf8fd86dcd819de069906","Labels":{"com.docker.compose.project":"dsm","com.docker.compose.service":"encode","com.docker.compose.version":"2.19.1"},"ParentId":"","RepoDigests":["<none>@<none>"],"RepoTags":["<none>:<none>"],"SharedSize":-1,"Size":398589796,"VirtualSize":398589796},{"Containers":-1,"Created":1692880076,"Id":"sha256:25df8b1e7126c07c324e54416c639fac5644314d384ea9c8bbae7efd3317346f","Labels":{"com.docker.compose.project":"dsm","com.docker.compose.service":"encode","com.docker.compose.version":"2.19.1"},"ParentId":"","RepoDigests":["<none>@<none>"],"RepoTags":["<none>:<none>"],"SharedSize":-1,"Size":398589879,"VirtualSize":398589879},{"Containers":-1,"Created":1692877190,"Id":"sha256:b24a55ccfd112bfac4b3102896b2530e6162a0576e756d361c80d60829f7b0d1","Labels":{"com.docker.compose.project":"dsm","com.docker.co"
[...]
17:51:27.077 [Test worker] DEBUG com.github.dockerjava.zerodep.shaded.org.apache.hc.client5.http.headers - http-outgoing-4 >> User-Agent: Apache-HttpClient/5.0.3 (Java/17.0.6)
17:51:27.077 [Test worker] DEBUG com.github.dockerjava.zerodep.shaded.org.apache.hc.client5.http.wire - http-outgoing-4 >> "GET /v1.32/exec/3e2bd001998802efca2cc697c270ecd2f72f75a0f1707ff85be4ba1ce759a8d4/json HTTP/1.1[\r][\n]"
17:51:27.077 [Test worker] DEBUG com.github.dockerjava.zerodep.shaded.org.apache.hc.client5.http.wire - http-outgoing-4 >> "accept: application/json[\r][\n]"
17:51:27.077 [Test worker] DEBUG com.github.dockerjava.zerodep.shaded.org.apache.hc.client5.http.wire - http-outgoing-4 >> "x-tc-sid: b5fd0144-8073-4626-a388-179a9d1a2a39[\r][\n]"
17:51:27.077 [Test worker] DEBUG com.github.dockerjava.zerodep.shaded.org.apache.hc.client5.http.wire - http-outgoing-4 >> "Accept-Encoding: gzip, x-gzip, deflate[\r][\n]"
17:51:27.077 [Test worker] DEBUG com.github.dockerjava.zerodep.shaded.org.apache.hc.client5.http.wire - http-outgoing-4 >> "Host: localhost:2375[\r][\n]"
17:51:27.077 [Test worker] DEBUG com.github.dockerjava.zerodep.shaded.org.apache.hc.client5.http.wire - http-outgoing-4 >> "Connection: keep-alive[\r][\n]"
17:51:27.077 [Test worker] DEBUG com.github.dockerjava.zerodep.shaded.org.apache.hc.client5.http.wire - http-outgoing-4 >> "User-Agent: Apache-HttpClient/5.0.3 (Java/17.0.6)[\r][\n]"
17:51:27.077 [Test worker] DEBUG com.github.dockerjava.zerodep.shaded.org.apache.hc.client5.http.wire - http-outgoing-4 >> "[\r][\n]"
17:51:27.077 [Test worker] DEBUG com.github.dockerjava.zerodep.shaded.org.apache.hc.client5.http.wire - http-outgoing-4 << "HTTP/1.1 200 OK[\r][\n]"
17:51:27.078 [Test worker] DEBUG com.github.dockerjava.zerodep.shaded.org.apache.hc.client5.http.wire - http-outgoing-4 << "Api-Version: 1.43[\r][\n]"
17:51:27.078 [Test worker] DEBUG com.github.dockerjava.zerodep.shaded.org.apache.hc.client5.http.wire - http-outgoing-4 << "Content-Type: application/json[\r][\n]"
17:51:27.078 [Test worker] DEBUG com.github.dockerjava.zerodep.shaded.org.apache.hc.client5.http.wire - http-outgoing-4 << "Docker-Experimental: false[\r][\n]"
17:51:27.078 [Test worker] DEBUG com.github.dockerjava.zerodep.shaded.org.apache.hc.client5.http.wire - http-outgoing-4 << "Ostype: linux[\r][\n]"
17:51:27.078 [Test worker] DEBUG com.github.dockerjava.zerodep.shaded.org.apache.hc.client5.http.wire - http-outgoing-4 << "Server: Docker/24.0.5 (linux)[\r][\n]"
17:51:27.078 [Test worker] DEBUG com.github.dockerjava.zerodep.shaded.org.apache.hc.client5.http.wire - http-outgoing-4 << "Date: Sun, 24 Sep 2023 15:51:27 GMT[\r][\n]"
17:51:27.078 [Test worker] DEBUG com.github.dockerjava.zerodep.shaded.org.apache.hc.client5.http.wire - http-outgoing-4 << "Content-Length: 854[\r][\n]"
17:51:27.078 [Test worker] DEBUG com.github.dockerjava.zerodep.shaded.org.apache.hc.client5.http.wire - http-outgoing-4 << "[\r][\n]"
17:51:27.078 [Test worker] DEBUG com.github.dockerjava.zerodep.shaded.org.apache.hc.client5.http.wire - http-outgoing-4 << "{"ID":"3e2bd001998802efca2cc697c270ecd2f72f75a0f1707ff85be4ba1ce759a8d4","Running":false,"ExitCode":0,"ProcessConfig":{"tty":false,"entrypoint":"sh","arguments":["-c","mongosh mongo --eval \"var attempt = 0; while(db.runCommand( { isMaster: 1 } ).ismaster==false) { if (attempt > 60) {quit(1);} print('An attempt to await for a single node replica set initialization: ' + attempt); sleep(100);  attempt++;  }\"  || mongo --eval \"var attempt = 0; while(db.runCommand( { isMaster: 1 } ).ismaster==false) { if (attempt > 60) {quit(1);} print('An attempt to await for a single node replica set initialization: ' + attempt); sleep(100);  attempt++;  }\""],"privileged":false},"OpenStdin":false,"OpenStderr":true,"OpenStdout":true,"CanRemove":false,"ContainerID":"500da43a5ae30d7733dac59f6d7c9a26c57564f48526dcfcd5d254b7e374e500","DetachKeys":"","Pid":55881}[\n]"
17:51:27.078 [Test worker] DEBUG com.github.dockerjava.zerodep.shaded.org.apache.hc.client5.http.headers - http-outgoing-4 << HTTP/1.1 200 OK
17:51:27.078 [Test worker] DEBUG com.github.dockerjava.zerodep.shaded.org.apache.hc.client5.http.headers - http-outgoing-4 << Api-Version: 1.43
17:51:27.078 [Test worker] DEBUG com.github.dockerjava.zerodep.shaded.org.apache.hc.client5.http.headers - http-outgoing-4 << Content-Type: application/json
17:51:27.078 [Test worker] DEBUG com.github.dockerjava.zerodep.shaded.org.apache.hc.client5.http.headers - http-outgoing-4 << Docker-Experimental: false
17:51:27.078 [Test worker] DEBUG com.github.dockerjava.zerodep.shaded.org.apache.hc.client5.http.headers - http-outgoing-4 << Ostype: linux
17:51:27.078 [Test worker] DEBUG com.github.dockerjava.zerodep.shaded.org.apache.hc.client5.http.headers - http-outgoing-4 << Server: Docker/24.0.5 (linux)
17:51:27.078 [Test worker] DEBUG com.github.dockerjava.zerodep.shaded.org.apache.hc.client5.http.headers - http-outgoing-4 << Date: Sun, 24 Sep 2023 15:51:27 GMT
17:51:27.078 [Test worker] DEBUG com.github.dockerjava.zerodep.shaded.org.apache.hc.client5.http.headers - http-outgoing-4 << Content-Length: 854
17:51:27.078 [Test worker] DEBUG com.github.dockerjava.zerodep.shaded.org.apache.hc.client5.http.impl.classic.MainClientExec - ex-00000015: connection can be kept alive for 3 MINUTES
17:51:27.078 [Test worker] DEBUG com.github.dockerjava.zerodep.shaded.org.apache.hc.client5.http.impl.classic.InternalHttpClient - ep-00000014: releasing valid endpoint
17:51:27.078 [Test worker] DEBUG com.github.dockerjava.zerodep.shaded.org.apache.hc.client5.http.impl.io.PoolingHttpClientConnectionManager - ep-00000014: releasing endpoint
17:51:27.078 [Test worker] DEBUG com.github.dockerjava.zerodep.shaded.org.apache.hc.client5.http.impl.io.PoolingHttpClientConnectionManager - ep-00000014: connection http-outgoing-4 can be kept alive for 3 MINUTES
17:51:27.078 [Test worker] DEBUG com.github.dockerjava.zerodep.shaded.org.apache.hc.client5.http.impl.io.PoolingHttpClientConnectionManager - ep-00000014: connection released [route: {}->unix://localhost:2375][total available: 1; route allocated: 1 of 2147483647; total allocated: 1 of 2147483647]
17:51:27.078 [Test worker] DEBUG org.testcontainers.containers.MongoDBContainer - Current Mongosh Log ID:	65105afeebc100573722111f
Connecting to:		mongodb://127.0.0.1:27017/mongo?directConnection=true&serverSelectionTimeoutMS=2000&appName=mongosh+1.6.1
Using MongoDB:		6.0.3
Using Mongosh:		1.6.1

For mongosh info see: https://docs.mongodb.com/mongodb-shell/

------
   The server generated these startup warnings when booting
   2023-09-24T15:51:24.122+00:00: Using the XFS filesystem is strongly recommended with the WiredTiger storage engine. See http://dochub.mongodb.org/core/prodnotes-filesystem
   2023-09-24T15:51:24.595+00:00: Access control is not enabled for the database. Read and write access to data and configuration is unrestricted
   2023-09-24T15:51:24.595+00:00: vm.max_map_count is too low
------

------
   Enable MongoDB's free cloud-based monitoring service, which will then receive and display
   metrics about your deployment (disk utilization, CPU, operation statistics, etc).
   
   The monitoring data will be available on a MongoDB website with a unique URL accessible to you
   and anyone you share the URL with. MongoDB may use this information to make product
   improvements and to suggest MongoDB products and deployment options to you.
   
   To enable free monitoring, run the following command: db.enableFreeMonitoring()
   To permanently disable this reminder, run the following command: db.disableFreeMonitoring()
------


17:51:27.139 [Test worker] DEBUG org.springframework.boot.test.context.SpringBootTestContextBootstrapper - Neither @ContextConfiguration nor @ContextHierarchy found for test class [ReservationRepositoryTest]: using SpringBootContextLoader
17:51:27.140 [Test worker] DEBUG org.springframework.test.context.support.AbstractContextLoader - Could not detect default resource locations for test class [jdriven.course.mongodb.persistence.ReservationRepositoryTest]: no resource found for suffixes {-context.xml, Context.groovy}.
17:51:27.141 [Test worker] INFO org.springframework.test.context.support.AnnotationConfigContextLoaderUtils - Could not detect default configuration classes for test class [jdriven.course.mongodb.persistence.ReservationRepositoryTest]: ReservationRepositoryTest does not declare any static, non-private, non-final, nested classes annotated with @Configuration.
17:51:27.158 [Test worker] DEBUG org.springframework.boot.test.context.SpringBootTestContextBootstrapper - Using ContextCustomizers for test class [ReservationRepositoryTest]: [DisableObservabilityContextCustomizer, PropertyMappingContextCustomizer, Customizer, ExcludeFilterContextCustomizer, DuplicateJsonObjectContextCustomizer, MockitoContextCustomizer, TestRestTemplateContextCustomizer, DynamicPropertiesContextCustomizer]
17:51:27.225 [Test worker] DEBUG org.springframework.context.annotation.ClassPathScanningCandidateComponentProvider - Identified candidate component class: file [/home/sander/jdriven/nosql-mongodb/build/classes/java/main/jdriven/course/mongodb/DemoApplication.class]
17:51:27.225 [Test worker] INFO org.springframework.boot.test.context.SpringBootTestContextBootstrapper - Found @SpringBootConfiguration jdriven.course.mongodb.DemoApplication for test class jdriven.course.mongodb.persistence.ReservationRepositoryTest
17:51:27.281 [Test worker] DEBUG org.springframework.boot.test.context.SpringBootTestContextBootstrapper - Using TestExecutionListeners for test class [ReservationRepositoryTest]: [ServletTestExecutionListener, DirtiesContextBeforeModesTestExecutionListener, ApplicationEventsTestExecutionListener, MockitoTestExecutionListener, DependencyInjectionTestExecutionListener, DirtiesContextTestExecutionListener, TransactionalTestExecutionListener, SqlScriptsTestExecutionListener, EventPublishingTestExecutionListener, RestDocsTestExecutionListener, MockRestServiceServerResetTestExecutionListener, MockMvcPrintOnlyOnFailureTestExecutionListener, WebDriverTestExecutionListener, MockWebServiceServerTestExecutionListener, ResetMocksTestExecutionListener]
17:51:27.281 [Test worker] DEBUG org.springframework.test.context.support.AbstractDirtiesContextTestExecutionListener - Before test class: class [ReservationRepositoryTest], class annotated with @DirtiesContext [false] with mode [null]

  .   ____          _            __ _ _
 /\\ / ___'_ __ _ _(_)_ __  __ _ \ \ \ \
( ( )\___ | '_ | '_| | '_ \/ _` | \ \ \ \
 \\/  ___)| |_)| | | | | || (_| |  ) ) ) )
  '  |____| .__|_| |_|_| |_\__, | / / / /
 =========|_|==============|___/=/_/_/_/
 :: Spring Boot ::                (v3.0.2)

2023-09-24T17:51:27.457+02:00  WARN 55481 --- [    Test worker] ory$DuplicateJsonObjectContextCustomizer : 

Found multiple occurrences of org.json.JSONObject on the class path:

	jar:file:/home/sander/.gradle/caches/modules-2/files-2.1/org.json/json/20220320/6df2c050972619466f6dcef7654ef9bcc01dfd0/json-20220320.jar!/org/json/JSONObject.class
	jar:file:/home/sander/.gradle/caches/modules-2/files-2.1/com.vaadin.external.google/android-json/0.0.20131108.vaadin1/fa26d351fe62a6a17f5cda1287c1c6110dec413f/android-json-0.0.20131108.vaadin1.jar!/org/json/JSONObject.class

You may wish to exclude one of them to ensure predictable runtime behavior

2023-09-24T17:51:27.466+02:00  INFO 55481 --- [    Test worker] j.c.m.p.ReservationRepositoryTest        : Starting ReservationRepositoryTest using Java 17.0.6 with PID 55481 (started by sander in /home/sander/jdriven/nosql-mongodb)
2023-09-24T17:51:27.467+02:00  INFO 55481 --- [    Test worker] j.c.m.p.ReservationRepositoryTest        : No active profile set, falling back to 1 default profile: "default"
2023-09-24T17:51:27.846+02:00  INFO 55481 --- [    Test worker] .s.d.r.c.RepositoryConfigurationDelegate : Bootstrapping Spring Data MongoDB repositories in DEFAULT mode.
2023-09-24T17:51:27.857+02:00  INFO 55481 --- [    Test worker] .s.d.r.c.RepositoryConfigurationDelegate : Finished Spring Data repository scanning in 7 ms. Found 0 MongoDB repository interfaces.
2023-09-24T17:51:28.075+02:00  INFO 55481 --- [    Test worker] org.mongodb.driver.client                : MongoClient with metadata {"driver": {"name": "mongo-java-driver|sync", "version": "4.8.2"}, "os": {"type": "Linux", "name": "Linux", "architecture": "amd64", "version": "6.2.0-33-generic"}, "platform": "Java/Eclipse Adoptium/17.0.6+10"} created with settings MongoClientSettings{readPreference=primary, writeConcern=WriteConcern{w=null, wTimeout=null ms, journal=null}, retryWrites=true, retryReads=true, readConcern=ReadConcern{level=null}, credential=null, streamFactoryFactory=null, commandListeners=[], codecRegistry=ProvidersCodecRegistry{codecProviders=[ProvidersCodecRegistry{codecProviders=[ValueCodecProvider{}, BsonValueCodecProvider{}, DBRefCodecProvider{}, DBObjectCodecProvider{}, DocumentCodecProvider{}, CollectionCodecProvider{}, IterableCodecProvider{}, MapCodecProvider{}, GeoJsonCodecProvider{}, GridFSFileCodecProvider{}, Jsr310CodecProvider{}, JsonObjectCodecProvider{}, BsonCodecProvider{}, EnumCodecProvider{}, com.mongodb.Jep395RecordCodecProvider@7e81617a]}, ProvidersCodecRegistry{codecProviders=[org.bson.codecs.pojo.PojoCodecProvider@6e73974]}]}, clusterSettings={hosts=[localhost:32795], srvServiceName=mongodb, mode=SINGLE, requiredClusterType=UNKNOWN, requiredReplicaSetName='null', serverSelector='null', clusterListeners='[]', serverSelectionTimeout='30000 ms', localThreshold='30000 ms'}, socketSettings=SocketSettings{connectTimeoutMS=10000, readTimeoutMS=0, receiveBufferSize=0, sendBufferSize=0}, heartbeatSocketSettings=SocketSettings{connectTimeoutMS=10000, readTimeoutMS=10000, receiveBufferSize=0, sendBufferSize=0}, connectionPoolSettings=ConnectionPoolSettings{maxSize=100, minSize=0, maxWaitTimeMS=120000, maxConnectionLifeTimeMS=0, maxConnectionIdleTimeMS=0, maintenanceInitialDelayMS=0, maintenanceFrequencyMS=60000, connectionPoolListeners=[], maxConnecting=2}, serverSettings=ServerSettings{heartbeatFrequencyMS=10000, minHeartbeatFrequencyMS=500, serverListeners='[]', serverMonitorListeners='[]'}, sslSettings=SslSettings{enabled=false, invalidHostNameAllowed=false, context=null}, applicationName='null', compressorList=[], uuidRepresentation=STANDARD, serverApi=null, autoEncryptionSettings=null, contextProvider=null}
2023-09-24T17:51:28.087+02:00  INFO 55481 --- [localhost:32795] org.mongodb.driver.cluster               : Monitor thread successfully connected to server with description ServerDescription{address=localhost:32795, type=REPLICA_SET_PRIMARY, state=CONNECTED, ok=true, minWireVersion=0, maxWireVersion=17, maxDocumentSize=16777216, logicalSessionTimeoutMinutes=30, roundTripTimeNanos=14233261, setName='docker-rs', canonicalAddress=500da43a5ae3:27017, hosts=[500da43a5ae3:27017], passives=[], arbiters=[], primary='500da43a5ae3:27017', tagSet=TagSet{[]}, electionId=7fffffff0000000000000001, setVersion=1, topologyVersion=TopologyVersion{processId=65105afcdcd0a58643518d06, counter=6}, lastWriteDate=Sun Sep 24 17:51:25 CEST 2023, lastUpdateTimeNanos=5644994469142}
2023-09-24T17:51:29.862+02:00  INFO 55481 --- [    Test worker] j.c.m.p.ReservationRepositoryTest        : Started ReservationRepositoryTest in 2.554 seconds (process running for 7.67)
2023-09-24T17:51:30.718+02:00  INFO 55481 --- [localhost:32795] org.mongodb.driver.cluster               : Exception in monitor thread while connecting to server localhost:32795

com.mongodb.MongoSocketReadException: Prematurely reached end of stream
	at com.mongodb.internal.connection.SocketStream.read(SocketStream.java:115) ~[mongodb-driver-core-4.8.2.jar:na]
	at com.mongodb.internal.connection.SocketStream.read(SocketStream.java:138) ~[mongodb-driver-core-4.8.2.jar:na]
	at com.mongodb.internal.connection.InternalStreamConnection.receiveResponseBuffers(InternalStreamConnection.java:716) ~[mongodb-driver-core-4.8.2.jar:na]
	at com.mongodb.internal.connection.InternalStreamConnection.receiveMessageWithAdditionalTimeout(InternalStreamConnection.java:574) ~[mongodb-driver-core-4.8.2.jar:na]
	at com.mongodb.internal.connection.InternalStreamConnection.receiveCommandMessageResponse(InternalStreamConnection.java:413) ~[mongodb-driver-core-4.8.2.jar:na]
	at com.mongodb.internal.connection.InternalStreamConnection.receive(InternalStreamConnection.java:372) ~[mongodb-driver-core-4.8.2.jar:na]
	at com.mongodb.internal.connection.DefaultServerMonitor$ServerMonitorRunnable.lookupServerDescription(DefaultServerMonitor.java:226) ~[mongodb-driver-core-4.8.2.jar:na]
	at com.mongodb.internal.connection.DefaultServerMonitor$ServerMonitorRunnable.run(DefaultServerMonitor.java:158) ~[mongodb-driver-core-4.8.2.jar:na]
	at java.base/java.lang.Thread.run(Thread.java:833) ~[na:na]

2023-09-24T17:51:30.722+02:00  INFO 55481 --- [localhost:32795] org.mongodb.driver.cluster               : Exception in monitor thread while connecting to server localhost:32795

com.mongodb.MongoSocketReadException: Exception receiving message
	at com.mongodb.internal.connection.InternalStreamConnection.translateReadException(InternalStreamConnection.java:705) ~[mongodb-driver-core-4.8.2.jar:na]
	at com.mongodb.internal.connection.InternalStreamConnection.receiveMessageWithAdditionalTimeout(InternalStreamConnection.java:577) ~[mongodb-driver-core-4.8.2.jar:na]
	at com.mongodb.internal.connection.InternalStreamConnection.receiveCommandMessageResponse(InternalStreamConnection.java:413) ~[mongodb-driver-core-4.8.2.jar:na]
	at com.mongodb.internal.connection.InternalStreamConnection.sendAndReceive(InternalStreamConnection.java:340) ~[mongodb-driver-core-4.8.2.jar:na]
	at com.mongodb.internal.connection.CommandHelper.sendAndReceive(CommandHelper.java:104) ~[mongodb-driver-core-4.8.2.jar:na]
	at com.mongodb.internal.connection.CommandHelper.executeCommand(CommandHelper.java:48) ~[mongodb-driver-core-4.8.2.jar:na]
	at com.mongodb.internal.connection.InternalStreamConnectionInitializer.initializeConnectionDescription(InternalStreamConnectionInitializer.java:134) ~[mongodb-driver-core-4.8.2.jar:na]
	at com.mongodb.internal.connection.InternalStreamConnectionInitializer.startHandshake(InternalStreamConnectionInitializer.java:76) ~[mongodb-driver-core-4.8.2.jar:na]
	at com.mongodb.internal.connection.InternalStreamConnection.open(InternalStreamConnection.java:185) ~[mongodb-driver-core-4.8.2.jar:na]
	at com.mongodb.internal.connection.DefaultServerMonitor$ServerMonitorRunnable.lookupServerDescription(DefaultServerMonitor.java:198) ~[mongodb-driver-core-4.8.2.jar:na]
	at com.mongodb.internal.connection.DefaultServerMonitor$ServerMonitorRunnable.run(DefaultServerMonitor.java:158) ~[mongodb-driver-core-4.8.2.jar:na]
	at java.base/java.lang.Thread.run(Thread.java:833) ~[na:na]
Caused by: java.net.SocketException: Connection reset
	at java.base/sun.nio.ch.NioSocketImpl.implRead(NioSocketImpl.java:323) ~[na:na]
	at java.base/sun.nio.ch.NioSocketImpl.read(NioSocketImpl.java:350) ~[na:na]
	at java.base/sun.nio.ch.NioSocketImpl$1.read(NioSocketImpl.java:803) ~[na:na]
	at java.base/java.net.Socket$SocketInputStream.read(Socket.java:966) ~[na:na]
	at com.mongodb.internal.connection.SocketStream.read(SocketStream.java:113) ~[mongodb-driver-core-4.8.2.jar:na]
	at com.mongodb.internal.connection.SocketStream.read(SocketStream.java:138) ~[mongodb-driver-core-4.8.2.jar:na]
	at com.mongodb.internal.connection.InternalStreamConnection.receiveResponseBuffers(InternalStreamConnection.java:716) ~[mongodb-driver-core-4.8.2.jar:na]
	at com.mongodb.internal.connection.InternalStreamConnection.receiveMessageWithAdditionalTimeout(InternalStreamConnection.java:574) ~[mongodb-driver-core-4.8.2.jar:na]
	... 10 common frames omitted

]]></system-out>
  <system-err><![CDATA[]]></system-err>
</testsuite>
